{"sessionId":"38cfcc","location":"state.rs:82","message":"NVAPI init","timestamp":1772952905418,"data":{"hypothesisId":"B","status":0,"nvapi_initialized":true}}
{"sessionId":"38cfcc","location":"collector.rs:830","message":"NvAPI_EnumPhysicalGPUs","timestamp":1772952907412,"data":{"hypothesisId":"C","status":0,"gpu_count":1}}
{"sessionId":"38cfcc","location":"collector.rs:855","message":"NvAPI_GPU_GetThermalSettings","timestamp":1772952907416,"data":{"hypothesisId":"D","gpu_idx":0,"status":0,"sensors":[{"target":1,"currentTemp":56},{"target":0,"currentTemp":0},{"target":0,"currentTemp":0}]}}
{"sessionId":"38cfcc","location":"collector.rs:890","message":"refresh_all nvidia temp push","timestamp":1772952907416,"data":{"hypothesisId":"E","query_result":56.0,"pushed":56.0}}
{"sessionId":"38cfcc","location":"collector.rs:830","message":"NvAPI_EnumPhysicalGPUs","timestamp":1772952908909,"data":{"hypothesisId":"C","status":0,"gpu_count":1}}
{"sessionId":"38cfcc","location":"collector.rs:855","message":"NvAPI_GPU_GetThermalSettings","timestamp":1772952908909,"data":{"hypothesisId":"D","gpu_idx":0,"status":0,"sensors":[{"target":1,"currentTemp":56},{"target":0,"currentTemp":0},{"target":0,"currentTemp":0}]}}
{"sessionId":"38cfcc","location":"collector.rs:890","message":"refresh_all nvidia temp push","timestamp":1772952908909,"data":{"hypothesisId":"E","query_result":56.0,"pushed":56.0}}
{"sessionId":"38cfcc","location":"collector.rs:830","message":"NvAPI_EnumPhysicalGPUs","timestamp":1772952910368,"data":{"hypothesisId":"C","status":0,"gpu_count":1}}
{"sessionId":"38cfcc","location":"collector.rs:855","message":"NvAPI_GPU_GetThermalSettings","timestamp":1772952910368,"data":{"hypothesisId":"D","gpu_idx":0,"status":0,"sensors":[{"target":1,"currentTemp":56},{"target":0,"currentTemp":0},{"target":0,"currentTemp":0}]}}
{"sessionId":"38cfcc","location":"collector.rs:890","message":"refresh_all nvidia temp push","timestamp":1772952910369,"data":{"hypothesisId":"E","query_result":56.0,"pushed":56.0}}
{"sessionId":"38cfcc","location":"collector.rs:830","message":"NvAPI_EnumPhysicalGPUs","timestamp":1772952911857,"data":{"hypothesisId":"C","status":0,"gpu_count":1}}
{"sessionId":"38cfcc","location":"collector.rs:855","message":"NvAPI_GPU_GetThermalSettings","timestamp":1772952911858,"data":{"hypothesisId":"D","gpu_idx":0,"status":0,"sensors":[{"target":1,"currentTemp":56},{"target":0,"currentTemp":0},{"target":0,"currentTemp":0}]}}
{"sessionId":"38cfcc","location":"collector.rs:890","message":"refresh_all nvidia temp push","timestamp":1772952911858,"data":{"hypothesisId":"E","query_result":56.0,"pushed":56.0}}
{"sessionId":"38cfcc","location":"collector.rs:830","message":"NvAPI_EnumPhysicalGPUs","timestamp":1772952913310,"data":{"hypothesisId":"C","status":0,"gpu_count":1}}
{"sessionId":"38cfcc","location":"collector.rs:855","message":"NvAPI_GPU_GetThermalSettings","timestamp":1772952913311,"data":{"hypothesisId":"D","gpu_idx":0,"status":0,"sensors":[{"target":1,"currentTemp":55},{"target":0,"currentTemp":0},{"target":0,"currentTemp":0}]}}
{"sessionId":"38cfcc","location":"collector.rs:890","message":"refresh_all nvidia temp push","timestamp":1772952913311,"data":{"hypothesisId":"E","query_result":55.0,"pushed":55.0}}
{"sessionId":"38cfcc","location":"collector.rs:830","message":"NvAPI_EnumPhysicalGPUs","timestamp":1772952914778,"data":{"hypothesisId":"C","status":0,"gpu_count":1}}
{"sessionId":"38cfcc","location":"collector.rs:855","message":"NvAPI_GPU_GetThermalSettings","timestamp":1772952914778,"data":{"hypothesisId":"D","gpu_idx":0,"status":0,"sensors":[{"target":1,"currentTemp":55},{"target":0,"currentTemp":0},{"target":0,"currentTemp":0}]}}
{"sessionId":"38cfcc","location":"collector.rs:890","message":"refresh_all nvidia temp push","timestamp":1772952914779,"data":{"hypothesisId":"E","query_result":55.0,"pushed":55.0}}
{"sessionId":"38cfcc","location":"collector.rs:830","message":"NvAPI_EnumPhysicalGPUs","timestamp":1772952916265,"data":{"hypothesisId":"C","status":0,"gpu_count":1}}
{"sessionId":"38cfcc","location":"collector.rs:855","message":"NvAPI_GPU_GetThermalSettings","timestamp":1772952916266,"data":{"hypothesisId":"D","gpu_idx":0,"status":0,"sensors":[{"target":1,"currentTemp":55},{"target":0,"currentTemp":0},{"target":0,"currentTemp":0}]}}
{"sessionId":"38cfcc","location":"collector.rs:890","message":"refresh_all nvidia temp push","timestamp":1772952916266,"data":{"hypothesisId":"E","query_result":55.0,"pushed":55.0}}
{"sessionId":"38cfcc","location":"collector.rs:830","message":"NvAPI_EnumPhysicalGPUs","timestamp":1772952917686,"data":{"hypothesisId":"C","status":0,"gpu_count":1}}
{"sessionId":"38cfcc","location":"collector.rs:855","message":"NvAPI_GPU_GetThermalSettings","timestamp":1772952917686,"data":{"hypothesisId":"D","gpu_idx":0,"status":0,"sensors":[{"target":1,"currentTemp":56},{"target":0,"currentTemp":0},{"target":0,"currentTemp":0}]}}
{"sessionId":"38cfcc","location":"collector.rs:890","message":"refresh_all nvidia temp push","timestamp":1772952917687,"data":{"hypothesisId":"E","query_result":56.0,"pushed":56.0}}
{"sessionId":"38cfcc","location":"collector.rs:830","message":"NvAPI_EnumPhysicalGPUs","timestamp":1772952919123,"data":{"hypothesisId":"C","status":0,"gpu_count":1}}
{"sessionId":"38cfcc","location":"collector.rs:855","message":"NvAPI_GPU_GetThermalSettings","timestamp":1772952919123,"data":{"hypothesisId":"D","gpu_idx":0,"status":0,"sensors":[{"target":1,"currentTemp":57},{"target":0,"currentTemp":0},{"target":0,"currentTemp":0}]}}
{"sessionId":"38cfcc","location":"collector.rs:890","message":"refresh_all nvidia temp push","timestamp":1772952919124,"data":{"hypothesisId":"E","query_result":57.0,"pushed":57.0}}
{"sessionId":"38cfcc","location":"collector.rs:830","message":"NvAPI_EnumPhysicalGPUs","timestamp":1772952920593,"data":{"hypothesisId":"C","status":0,"gpu_count":1}}
{"sessionId":"38cfcc","location":"collector.rs:855","message":"NvAPI_GPU_GetThermalSettings","timestamp":1772952920593,"data":{"hypothesisId":"D","gpu_idx":0,"status":0,"sensors":[{"target":1,"currentTemp":56},{"target":0,"currentTemp":0},{"target":0,"currentTemp":0}]}}
{"sessionId":"38cfcc","location":"collector.rs:890","message":"refresh_all nvidia temp push","timestamp":1772952920593,"data":{"hypothesisId":"E","query_result":56.0,"pushed":56.0}}
{"sessionId":"38cfcc","location":"collector.rs:830","message":"NvAPI_EnumPhysicalGPUs","timestamp":1772952922076,"data":{"hypothesisId":"C","status":0,"gpu_count":1}}
{"sessionId":"38cfcc","location":"collector.rs:855","message":"NvAPI_GPU_GetThermalSettings","timestamp":1772952922077,"data":{"hypothesisId":"D","gpu_idx":0,"status":0,"sensors":[{"target":1,"currentTemp":55},{"target":0,"currentTemp":0},{"target":0,"currentTemp":0}]}}
{"sessionId":"38cfcc","location":"collector.rs:890","message":"refresh_all nvidia temp push","timestamp":1772952922078,"data":{"hypothesisId":"E","query_result":55.0,"pushed":55.0}}
{"sessionId":"38cfcc","location":"collector.rs:830","message":"NvAPI_EnumPhysicalGPUs","timestamp":1772952923542,"data":{"hypothesisId":"C","status":0,"gpu_count":1}}
{"sessionId":"38cfcc","location":"collector.rs:855","message":"NvAPI_GPU_GetThermalSettings","timestamp":1772952923543,"data":{"hypothesisId":"D","gpu_idx":0,"status":0,"sensors":[{"target":1,"currentTemp":55},{"target":0,"currentTemp":0},{"target":0,"currentTemp":0}]}}
{"sessionId":"38cfcc","location":"collector.rs:890","message":"refresh_all nvidia temp push","timestamp":1772952923543,"data":{"hypothesisId":"E","query_result":55.0,"pushed":55.0}}
{"sessionId":"38cfcc","location":"collector.rs:830","message":"NvAPI_EnumPhysicalGPUs","timestamp":1772952925024,"data":{"hypothesisId":"C","status":0,"gpu_count":1}}
{"sessionId":"38cfcc","location":"collector.rs:855","message":"NvAPI_GPU_GetThermalSettings","timestamp":1772952925024,"data":{"hypothesisId":"D","gpu_idx":0,"status":0,"sensors":[{"target":1,"currentTemp":56},{"target":0,"currentTemp":0},{"target":0,"currentTemp":0}]}}
{"sessionId":"38cfcc","location":"collector.rs:890","message":"refresh_all nvidia temp push","timestamp":1772952925025,"data":{"hypothesisId":"E","query_result":56.0,"pushed":56.0}}
{"sessionId":"38cfcc","location":"collector.rs:830","message":"NvAPI_EnumPhysicalGPUs","timestamp":1772952926468,"data":{"hypothesisId":"C","status":0,"gpu_count":1}}
{"sessionId":"38cfcc","location":"collector.rs:855","message":"NvAPI_GPU_GetThermalSettings","timestamp":1772952926468,"data":{"hypothesisId":"D","gpu_idx":0,"status":0,"sensors":[{"target":1,"currentTemp":56},{"target":0,"currentTemp":0},{"target":0,"currentTemp":0}]}}
{"sessionId":"38cfcc","location":"collector.rs:890","message":"refresh_all nvidia temp push","timestamp":1772952926468,"data":{"hypothesisId":"E","query_result":56.0,"pushed":56.0}}
{"sessionId":"38cfcc","location":"collector.rs:830","message":"NvAPI_EnumPhysicalGPUs","timestamp":1772952927935,"data":{"hypothesisId":"C","status":0,"gpu_count":1}}
{"sessionId":"38cfcc","location":"collector.rs:855","message":"NvAPI_GPU_GetThermalSettings","timestamp":1772952927935,"data":{"hypothesisId":"D","gpu_idx":0,"status":0,"sensors":[{"target":1,"currentTemp":56},{"target":0,"currentTemp":0},{"target":0,"currentTemp":0}]}}
{"sessionId":"38cfcc","location":"collector.rs:890","message":"refresh_all nvidia temp push","timestamp":1772952927935,"data":{"hypothesisId":"E","query_result":56.0,"pushed":56.0}}
{"sessionId":"38cfcc","location":"collector.rs:830","message":"NvAPI_EnumPhysicalGPUs","timestamp":1772952929423,"data":{"hypothesisId":"C","status":0,"gpu_count":1}}
{"sessionId":"38cfcc","location":"collector.rs:855","message":"NvAPI_GPU_GetThermalSettings","timestamp":1772952929429,"data":{"hypothesisId":"D","gpu_idx":0,"status":0,"sensors":[{"target":1,"currentTemp":55},{"target":0,"currentTemp":0},{"target":0,"currentTemp":0}]}}
{"sessionId":"38cfcc","location":"collector.rs:890","message":"refresh_all nvidia temp push","timestamp":1772952929429,"data":{"hypothesisId":"E","query_result":55.0,"pushed":55.0}}
{"sessionId":"38cfcc","location":"collector.rs:830","message":"NvAPI_EnumPhysicalGPUs","timestamp":1772952930891,"data":{"hypothesisId":"C","status":0,"gpu_count":1}}
{"sessionId":"38cfcc","location":"collector.rs:855","message":"NvAPI_GPU_GetThermalSettings","timestamp":1772952930892,"data":{"hypothesisId":"D","gpu_idx":0,"status":0,"sensors":[{"target":1,"currentTemp":56},{"target":0,"currentTemp":0},{"target":0,"currentTemp":0}]}}
{"sessionId":"38cfcc","location":"collector.rs:890","message":"refresh_all nvidia temp push","timestamp":1772952930892,"data":{"hypothesisId":"E","query_result":56.0,"pushed":56.0}}
{"sessionId":"38cfcc","location":"collector.rs:830","message":"NvAPI_EnumPhysicalGPUs","timestamp":1772952932335,"data":{"hypothesisId":"C","status":0,"gpu_count":1}}
{"sessionId":"38cfcc","location":"collector.rs:855","message":"NvAPI_GPU_GetThermalSettings","timestamp":1772952932336,"data":{"hypothesisId":"D","gpu_idx":0,"status":0,"sensors":[{"target":1,"currentTemp":56},{"target":0,"currentTemp":0},{"target":0,"currentTemp":0}]}}
{"sessionId":"38cfcc","location":"collector.rs:890","message":"refresh_all nvidia temp push","timestamp":1772952932336,"data":{"hypothesisId":"E","query_result":56.0,"pushed":56.0}}
{"sessionId":"38cfcc","location":"collector.rs:830","message":"NvAPI_EnumPhysicalGPUs","timestamp":1772952933785,"data":{"hypothesisId":"C","status":0,"gpu_count":1}}
{"sessionId":"38cfcc","location":"collector.rs:855","message":"NvAPI_GPU_GetThermalSettings","timestamp":1772952933785,"data":{"hypothesisId":"D","gpu_idx":0,"status":0,"sensors":[{"target":1,"currentTemp":54},{"target":0,"currentTemp":0},{"target":0,"currentTemp":0}]}}
{"sessionId":"38cfcc","location":"collector.rs:890","message":"refresh_all nvidia temp push","timestamp":1772952933785,"data":{"hypothesisId":"E","query_result":54.0,"pushed":54.0}}
{"sessionId":"38cfcc","location":"collector.rs:830","message":"NvAPI_EnumPhysicalGPUs","timestamp":1772952935261,"data":{"hypothesisId":"C","status":0,"gpu_count":1}}
{"sessionId":"38cfcc","location":"collector.rs:855","message":"NvAPI_GPU_GetThermalSettings","timestamp":1772952935261,"data":{"hypothesisId":"D","gpu_idx":0,"status":0,"sensors":[{"target":1,"currentTemp":54},{"target":0,"currentTemp":0},{"target":0,"currentTemp":0}]}}
{"sessionId":"38cfcc","location":"collector.rs:890","message":"refresh_all nvidia temp push","timestamp":1772952935261,"data":{"hypothesisId":"E","query_result":54.0,"pushed":54.0}}
{"sessionId":"38cfcc","location":"collector.rs:830","message":"NvAPI_EnumPhysicalGPUs","timestamp":1772952936747,"data":{"hypothesisId":"C","status":0,"gpu_count":1}}
{"sessionId":"38cfcc","location":"collector.rs:855","message":"NvAPI_GPU_GetThermalSettings","timestamp":1772952936747,"data":{"hypothesisId":"D","gpu_idx":0,"status":0,"sensors":[{"target":1,"currentTemp":54},{"target":0,"currentTemp":0},{"target":0,"currentTemp":0}]}}
{"sessionId":"38cfcc","location":"collector.rs:890","message":"refresh_all nvidia temp push","timestamp":1772952936747,"data":{"hypothesisId":"E","query_result":54.0,"pushed":54.0}}
{"sessionId":"38cfcc","location":"collector.rs:830","message":"NvAPI_EnumPhysicalGPUs","timestamp":1772952938245,"data":{"hypothesisId":"C","status":0,"gpu_count":1}}
{"sessionId":"38cfcc","location":"collector.rs:855","message":"NvAPI_GPU_GetThermalSettings","timestamp":1772952938245,"data":{"hypothesisId":"D","gpu_idx":0,"status":0,"sensors":[{"target":1,"currentTemp":53},{"target":0,"currentTemp":0},{"target":0,"currentTemp":0}]}}
{"sessionId":"38cfcc","location":"collector.rs:890","message":"refresh_all nvidia temp push","timestamp":1772952938246,"data":{"hypothesisId":"E","query_result":53.0,"pushed":53.0}}
{"sessionId":"38cfcc","location":"collector.rs:830","message":"NvAPI_EnumPhysicalGPUs","timestamp":1772952939730,"data":{"hypothesisId":"C","status":0,"gpu_count":1}}
{"sessionId":"38cfcc","location":"collector.rs:855","message":"NvAPI_GPU_GetThermalSettings","timestamp":1772952939730,"data":{"hypothesisId":"D","gpu_idx":0,"status":0,"sensors":[{"target":1,"currentTemp":53},{"target":0,"currentTemp":0},{"target":0,"currentTemp":0}]}}
{"sessionId":"38cfcc","location":"collector.rs:890","message":"refresh_all nvidia temp push","timestamp":1772952939731,"data":{"hypothesisId":"E","query_result":53.0,"pushed":53.0}}
{"sessionId":"38cfcc","location":"collector.rs:830","message":"NvAPI_EnumPhysicalGPUs","timestamp":1772952941213,"data":{"hypothesisId":"C","status":0,"gpu_count":1}}
{"sessionId":"38cfcc","location":"collector.rs:855","message":"NvAPI_GPU_GetThermalSettings","timestamp":1772952941213,"data":{"hypothesisId":"D","gpu_idx":0,"status":0,"sensors":[{"target":1,"currentTemp":53},{"target":0,"currentTemp":0},{"target":0,"currentTemp":0}]}}
{"sessionId":"38cfcc","location":"collector.rs:890","message":"refresh_all nvidia temp push","timestamp":1772952941213,"data":{"hypothesisId":"E","query_result":53.0,"pushed":53.0}}
{"sessionId":"38cfcc","location":"collector.rs:830","message":"NvAPI_EnumPhysicalGPUs","timestamp":1772952942699,"data":{"hypothesisId":"C","status":0,"gpu_count":1}}
{"sessionId":"38cfcc","location":"collector.rs:855","message":"NvAPI_GPU_GetThermalSettings","timestamp":1772952942699,"data":{"hypothesisId":"D","gpu_idx":0,"status":0,"sensors":[{"target":1,"currentTemp":53},{"target":0,"currentTemp":0},{"target":0,"currentTemp":0}]}}
{"sessionId":"38cfcc","location":"collector.rs:890","message":"refresh_all nvidia temp push","timestamp":1772952942700,"data":{"hypothesisId":"E","query_result":53.0,"pushed":53.0}}
{"sessionId":"38cfcc","location":"collector.rs:830","message":"NvAPI_EnumPhysicalGPUs","timestamp":1772952944202,"data":{"hypothesisId":"C","status":0,"gpu_count":1}}
{"sessionId":"38cfcc","location":"collector.rs:855","message":"NvAPI_GPU_GetThermalSettings","timestamp":1772952944202,"data":{"hypothesisId":"D","gpu_idx":0,"status":0,"sensors":[{"target":1,"currentTemp":53},{"target":0,"currentTemp":0},{"target":0,"currentTemp":0}]}}
{"sessionId":"38cfcc","location":"collector.rs:890","message":"refresh_all nvidia temp push","timestamp":1772952944202,"data":{"hypothesisId":"E","query_result":53.0,"pushed":53.0}}
{"sessionId":"38cfcc","location":"collector.rs:830","message":"NvAPI_EnumPhysicalGPUs","timestamp":1772952945709,"data":{"hypothesisId":"C","status":0,"gpu_count":1}}
{"sessionId":"38cfcc","location":"collector.rs:855","message":"NvAPI_GPU_GetThermalSettings","timestamp":1772952945710,"data":{"hypothesisId":"D","gpu_idx":0,"status":0,"sensors":[{"target":1,"currentTemp":53},{"target":0,"currentTemp":0},{"target":0,"currentTemp":0}]}}
{"sessionId":"38cfcc","location":"collector.rs:890","message":"refresh_all nvidia temp push","timestamp":1772952945710,"data":{"hypothesisId":"E","query_result":53.0,"pushed":53.0}}
{"sessionId":"38cfcc","location":"collector.rs:830","message":"NvAPI_EnumPhysicalGPUs","timestamp":1772952947159,"data":{"hypothesisId":"C","status":0,"gpu_count":1}}
{"sessionId":"38cfcc","location":"collector.rs:855","message":"NvAPI_GPU_GetThermalSettings","timestamp":1772952947159,"data":{"hypothesisId":"D","gpu_idx":0,"status":0,"sensors":[{"target":1,"currentTemp":53},{"target":0,"currentTemp":0},{"target":0,"currentTemp":0}]}}
{"sessionId":"38cfcc","location":"collector.rs:890","message":"refresh_all nvidia temp push","timestamp":1772952947159,"data":{"hypothesisId":"E","query_result":53.0,"pushed":53.0}}
{"sessionId":"38cfcc","location":"collector.rs:830","message":"NvAPI_EnumPhysicalGPUs","timestamp":1772952948617,"data":{"hypothesisId":"C","status":0,"gpu_count":1}}
{"sessionId":"38cfcc","location":"collector.rs:855","message":"NvAPI_GPU_GetThermalSettings","timestamp":1772952948618,"data":{"hypothesisId":"D","gpu_idx":0,"status":0,"sensors":[{"target":1,"currentTemp":53},{"target":0,"currentTemp":0},{"target":0,"currentTemp":0}]}}
{"sessionId":"38cfcc","location":"collector.rs:890","message":"refresh_all nvidia temp push","timestamp":1772952948618,"data":{"hypothesisId":"E","query_result":53.0,"pushed":53.0}}
{"sessionId":"38cfcc","location":"collector.rs:830","message":"NvAPI_EnumPhysicalGPUs","timestamp":1772952950062,"data":{"hypothesisId":"C","status":0,"gpu_count":1}}
{"sessionId":"38cfcc","location":"collector.rs:855","message":"NvAPI_GPU_GetThermalSettings","timestamp":1772952950063,"data":{"hypothesisId":"D","gpu_idx":0,"status":0,"sensors":[{"target":1,"currentTemp":52},{"target":0,"currentTemp":0},{"target":0,"currentTemp":0}]}}
{"sessionId":"38cfcc","location":"collector.rs:890","message":"refresh_all nvidia temp push","timestamp":1772952950063,"data":{"hypothesisId":"E","query_result":52.0,"pushed":52.0}}
{"sessionId":"38cfcc","location":"collector.rs:830","message":"NvAPI_EnumPhysicalGPUs","timestamp":1772952951531,"data":{"hypothesisId":"C","status":0,"gpu_count":1}}
{"sessionId":"38cfcc","location":"collector.rs:855","message":"NvAPI_GPU_GetThermalSettings","timestamp":1772952951531,"data":{"hypothesisId":"D","gpu_idx":0,"status":0,"sensors":[{"target":1,"currentTemp":52},{"target":0,"currentTemp":0},{"target":0,"currentTemp":0}]}}
{"sessionId":"38cfcc","location":"collector.rs:890","message":"refresh_all nvidia temp push","timestamp":1772952951531,"data":{"hypothesisId":"E","query_result":52.0,"pushed":52.0}}
{"sessionId":"38cfcc","location":"collector.rs:830","message":"NvAPI_EnumPhysicalGPUs","timestamp":1772952952983,"data":{"hypothesisId":"C","status":0,"gpu_count":1}}
{"sessionId":"38cfcc","location":"collector.rs:855","message":"NvAPI_GPU_GetThermalSettings","timestamp":1772952952984,"data":{"hypothesisId":"D","gpu_idx":0,"status":0,"sensors":[{"target":1,"currentTemp":52},{"target":0,"currentTemp":0},{"target":0,"currentTemp":0}]}}
{"sessionId":"38cfcc","location":"collector.rs:890","message":"refresh_all nvidia temp push","timestamp":1772952952984,"data":{"hypothesisId":"E","query_result":52.0,"pushed":52.0}}
{"sessionId":"38cfcc","location":"collector.rs:830","message":"NvAPI_EnumPhysicalGPUs","timestamp":1772952954441,"data":{"hypothesisId":"C","status":0,"gpu_count":1}}
{"sessionId":"38cfcc","location":"collector.rs:855","message":"NvAPI_GPU_GetThermalSettings","timestamp":1772952954442,"data":{"hypothesisId":"D","gpu_idx":0,"status":0,"sensors":[{"target":1,"currentTemp":52},{"target":0,"currentTemp":0},{"target":0,"currentTemp":0}]}}
{"sessionId":"38cfcc","location":"collector.rs:890","message":"refresh_all nvidia temp push","timestamp":1772952954442,"data":{"hypothesisId":"E","query_result":52.0,"pushed":52.0}}
{"sessionId":"38cfcc","location":"collector.rs:830","message":"NvAPI_EnumPhysicalGPUs","timestamp":1772952955933,"data":{"hypothesisId":"C","status":0,"gpu_count":1}}
{"sessionId":"38cfcc","location":"collector.rs:855","message":"NvAPI_GPU_GetThermalSettings","timestamp":1772952955934,"data":{"hypothesisId":"D","gpu_idx":0,"status":0,"sensors":[{"target":1,"currentTemp":52},{"target":0,"currentTemp":0},{"target":0,"currentTemp":0}]}}
{"sessionId":"38cfcc","location":"collector.rs:890","message":"refresh_all nvidia temp push","timestamp":1772952955934,"data":{"hypothesisId":"E","query_result":52.0,"pushed":52.0}}
{"sessionId":"38cfcc","location":"collector.rs:830","message":"NvAPI_EnumPhysicalGPUs","timestamp":1772952957412,"data":{"hypothesisId":"C","status":0,"gpu_count":1}}
{"sessionId":"38cfcc","location":"collector.rs:855","message":"NvAPI_GPU_GetThermalSettings","timestamp":1772952957412,"data":{"hypothesisId":"D","gpu_idx":0,"status":0,"sensors":[{"target":1,"currentTemp":52},{"target":0,"currentTemp":0},{"target":0,"currentTemp":0}]}}
{"sessionId":"38cfcc","location":"collector.rs:890","message":"refresh_all nvidia temp push","timestamp":1772952957412,"data":{"hypothesisId":"E","query_result":52.0,"pushed":52.0}}
{"sessionId":"38cfcc","location":"collector.rs:830","message":"NvAPI_EnumPhysicalGPUs","timestamp":1772952958883,"data":{"hypothesisId":"C","status":0,"gpu_count":1}}
{"sessionId":"38cfcc","location":"collector.rs:855","message":"NvAPI_GPU_GetThermalSettings","timestamp":1772952958884,"data":{"hypothesisId":"D","gpu_idx":0,"status":0,"sensors":[{"target":1,"currentTemp":54},{"target":0,"currentTemp":0},{"target":0,"currentTemp":0}]}}
{"sessionId":"38cfcc","location":"collector.rs:890","message":"refresh_all nvidia temp push","timestamp":1772952958884,"data":{"hypothesisId":"E","query_result":54.0,"pushed":54.0}}
{"sessionId":"38cfcc","location":"collector.rs:830","message":"NvAPI_EnumPhysicalGPUs","timestamp":1772952960358,"data":{"hypothesisId":"C","status":0,"gpu_count":1}}
{"sessionId":"38cfcc","location":"collector.rs:855","message":"NvAPI_GPU_GetThermalSettings","timestamp":1772952960358,"data":{"hypothesisId":"D","gpu_idx":0,"status":0,"sensors":[{"target":1,"currentTemp":54},{"target":0,"currentTemp":0},{"target":0,"currentTemp":0}]}}
{"sessionId":"38cfcc","location":"collector.rs:890","message":"refresh_all nvidia temp push","timestamp":1772952960358,"data":{"hypothesisId":"E","query_result":54.0,"pushed":54.0}}
{"sessionId":"38cfcc","location":"collector.rs:830","message":"NvAPI_EnumPhysicalGPUs","timestamp":1772952961820,"data":{"hypothesisId":"C","status":0,"gpu_count":1}}
{"sessionId":"38cfcc","location":"collector.rs:855","message":"NvAPI_GPU_GetThermalSettings","timestamp":1772952961821,"data":{"hypothesisId":"D","gpu_idx":0,"status":0,"sensors":[{"target":1,"currentTemp":54},{"target":0,"currentTemp":0},{"target":0,"currentTemp":0}]}}
{"sessionId":"38cfcc","location":"collector.rs:890","message":"refresh_all nvidia temp push","timestamp":1772952961822,"data":{"hypothesisId":"E","query_result":54.0,"pushed":54.0}}
{"sessionId":"38cfcc","location":"collector.rs:830","message":"NvAPI_EnumPhysicalGPUs","timestamp":1772952963263,"data":{"hypothesisId":"C","status":0,"gpu_count":1}}
{"sessionId":"38cfcc","location":"collector.rs:855","message":"NvAPI_GPU_GetThermalSettings","timestamp":1772952963264,"data":{"hypothesisId":"D","gpu_idx":0,"status":0,"sensors":[{"target":1,"currentTemp":52},{"target":0,"currentTemp":0},{"target":0,"currentTemp":0}]}}
{"sessionId":"38cfcc","location":"collector.rs:890","message":"refresh_all nvidia temp push","timestamp":1772952963264,"data":{"hypothesisId":"E","query_result":52.0,"pushed":52.0}}
{"sessionId":"38cfcc","location":"collector.rs:830","message":"NvAPI_EnumPhysicalGPUs","timestamp":1772952964751,"data":{"hypothesisId":"C","status":0,"gpu_count":1}}
{"sessionId":"38cfcc","location":"collector.rs:855","message":"NvAPI_GPU_GetThermalSettings","timestamp":1772952964756,"data":{"hypothesisId":"D","gpu_idx":0,"status":0,"sensors":[{"target":1,"currentTemp":52},{"target":0,"currentTemp":0},{"target":0,"currentTemp":0}]}}
{"sessionId":"38cfcc","location":"collector.rs:890","message":"refresh_all nvidia temp push","timestamp":1772952964756,"data":{"hypothesisId":"E","query_result":52.0,"pushed":52.0}}
{"sessionId":"38cfcc","location":"collector.rs:830","message":"NvAPI_EnumPhysicalGPUs","timestamp":1772952966245,"data":{"hypothesisId":"C","status":0,"gpu_count":1}}
{"sessionId":"38cfcc","location":"collector.rs:855","message":"NvAPI_GPU_GetThermalSettings","timestamp":1772952966246,"data":{"hypothesisId":"D","gpu_idx":0,"status":0,"sensors":[{"target":1,"currentTemp":52},{"target":0,"currentTemp":0},{"target":0,"currentTemp":0}]}}
{"sessionId":"38cfcc","location":"collector.rs:890","message":"refresh_all nvidia temp push","timestamp":1772952966246,"data":{"hypothesisId":"E","query_result":52.0,"pushed":52.0}}
{"sessionId":"38cfcc","location":"collector.rs:830","message":"NvAPI_EnumPhysicalGPUs","timestamp":1772952967748,"data":{"hypothesisId":"C","status":0,"gpu_count":1}}
{"sessionId":"38cfcc","location":"collector.rs:855","message":"NvAPI_GPU_GetThermalSettings","timestamp":1772952967749,"data":{"hypothesisId":"D","gpu_idx":0,"status":0,"sensors":[{"target":1,"currentTemp":52},{"target":0,"currentTemp":0},{"target":0,"currentTemp":0}]}}
{"sessionId":"38cfcc","location":"collector.rs:890","message":"refresh_all nvidia temp push","timestamp":1772952967749,"data":{"hypothesisId":"E","query_result":52.0,"pushed":52.0}}
{"sessionId":"38cfcc","location":"collector.rs:830","message":"NvAPI_EnumPhysicalGPUs","timestamp":1772952969221,"data":{"hypothesisId":"C","status":0,"gpu_count":1}}
{"sessionId":"38cfcc","location":"collector.rs:855","message":"NvAPI_GPU_GetThermalSettings","timestamp":1772952969234,"data":{"hypothesisId":"D","gpu_idx":0,"status":0,"sensors":[{"target":1,"currentTemp":52},{"target":0,"currentTemp":0},{"target":0,"currentTemp":0}]}}
{"sessionId":"38cfcc","location":"collector.rs:890","message":"refresh_all nvidia temp push","timestamp":1772952969235,"data":{"hypothesisId":"E","query_result":52.0,"pushed":52.0}}
{"sessionId":"38cfcc","location":"collector.rs:830","message":"NvAPI_EnumPhysicalGPUs","timestamp":1772952970713,"data":{"hypothesisId":"C","status":0,"gpu_count":1}}
{"sessionId":"38cfcc","location":"collector.rs:855","message":"NvAPI_GPU_GetThermalSettings","timestamp":1772952970714,"data":{"hypothesisId":"D","gpu_idx":0,"status":0,"sensors":[{"target":1,"currentTemp":53},{"target":0,"currentTemp":0},{"target":0,"currentTemp":0}]}}
{"sessionId":"38cfcc","location":"collector.rs:890","message":"refresh_all nvidia temp push","timestamp":1772952970714,"data":{"hypothesisId":"E","query_result":53.0,"pushed":53.0}}
{"sessionId":"38cfcc","location":"collector.rs:830","message":"NvAPI_EnumPhysicalGPUs","timestamp":1772952972218,"data":{"hypothesisId":"C","status":0,"gpu_count":1}}
{"sessionId":"38cfcc","location":"collector.rs:855","message":"NvAPI_GPU_GetThermalSettings","timestamp":1772952972219,"data":{"hypothesisId":"D","gpu_idx":0,"status":0,"sensors":[{"target":1,"currentTemp":54},{"target":0,"currentTemp":0},{"target":0,"currentTemp":0}]}}
{"sessionId":"38cfcc","location":"collector.rs:890","message":"refresh_all nvidia temp push","timestamp":1772952972219,"data":{"hypothesisId":"E","query_result":54.0,"pushed":54.0}}
{"sessionId":"38cfcc","location":"collector.rs:830","message":"NvAPI_EnumPhysicalGPUs","timestamp":1772952973720,"data":{"hypothesisId":"C","status":0,"gpu_count":1}}
{"sessionId":"38cfcc","location":"collector.rs:855","message":"NvAPI_GPU_GetThermalSettings","timestamp":1772952973721,"data":{"hypothesisId":"D","gpu_idx":0,"status":0,"sensors":[{"target":1,"currentTemp":53},{"target":0,"currentTemp":0},{"target":0,"currentTemp":0}]}}
{"sessionId":"38cfcc","location":"collector.rs:890","message":"refresh_all nvidia temp push","timestamp":1772952973721,"data":{"hypothesisId":"E","query_result":53.0,"pushed":53.0}}
{"sessionId":"38cfcc","location":"collector.rs:830","message":"NvAPI_EnumPhysicalGPUs","timestamp":1772952975187,"data":{"hypothesisId":"C","status":0,"gpu_count":1}}
{"sessionId":"38cfcc","location":"collector.rs:855","message":"NvAPI_GPU_GetThermalSettings","timestamp":1772952975187,"data":{"hypothesisId":"D","gpu_idx":0,"status":0,"sensors":[{"target":1,"currentTemp":54},{"target":0,"currentTemp":0},{"target":0,"currentTemp":0}]}}
{"sessionId":"38cfcc","location":"collector.rs:890","message":"refresh_all nvidia temp push","timestamp":1772952975188,"data":{"hypothesisId":"E","query_result":54.0,"pushed":54.0}}
{"sessionId":"38cfcc","location":"collector.rs:830","message":"NvAPI_EnumPhysicalGPUs","timestamp":1772952976682,"data":{"hypothesisId":"C","status":0,"gpu_count":1}}
{"sessionId":"38cfcc","location":"collector.rs:855","message":"NvAPI_GPU_GetThermalSettings","timestamp":1772952976682,"data":{"hypothesisId":"D","gpu_idx":0,"status":0,"sensors":[{"target":1,"currentTemp":53},{"target":0,"currentTemp":0},{"target":0,"currentTemp":0}]}}
{"sessionId":"38cfcc","location":"collector.rs:890","message":"refresh_all nvidia temp push","timestamp":1772952976682,"data":{"hypothesisId":"E","query_result":53.0,"pushed":53.0}}
{"sessionId":"38cfcc","location":"collector.rs:830","message":"NvAPI_EnumPhysicalGPUs","timestamp":1772952978180,"data":{"hypothesisId":"C","status":0,"gpu_count":1}}
{"sessionId":"38cfcc","location":"collector.rs:855","message":"NvAPI_GPU_GetThermalSettings","timestamp":1772952978181,"data":{"hypothesisId":"D","gpu_idx":0,"status":0,"sensors":[{"target":1,"currentTemp":54},{"target":0,"currentTemp":0},{"target":0,"currentTemp":0}]}}
{"sessionId":"38cfcc","location":"collector.rs:890","message":"refresh_all nvidia temp push","timestamp":1772952978181,"data":{"hypothesisId":"E","query_result":54.0,"pushed":54.0}}
{"sessionId":"38cfcc","location":"collector.rs:830","message":"NvAPI_EnumPhysicalGPUs","timestamp":1772952979626,"data":{"hypothesisId":"C","status":0,"gpu_count":1}}
{"sessionId":"38cfcc","location":"collector.rs:855","message":"NvAPI_GPU_GetThermalSettings","timestamp":1772952979626,"data":{"hypothesisId":"D","gpu_idx":0,"status":0,"sensors":[{"target":1,"currentTemp":54},{"target":0,"currentTemp":0},{"target":0,"currentTemp":0}]}}
{"sessionId":"38cfcc","location":"collector.rs:890","message":"refresh_all nvidia temp push","timestamp":1772952979627,"data":{"hypothesisId":"E","query_result":54.0,"pushed":54.0}}
{"sessionId":"38cfcc","location":"collector.rs:830","message":"NvAPI_EnumPhysicalGPUs","timestamp":1772952981081,"data":{"hypothesisId":"C","status":0,"gpu_count":1}}
{"sessionId":"38cfcc","location":"collector.rs:855","message":"NvAPI_GPU_GetThermalSettings","timestamp":1772952981082,"data":{"hypothesisId":"D","gpu_idx":0,"status":0,"sensors":[{"target":1,"currentTemp":54},{"target":0,"currentTemp":0},{"target":0,"currentTemp":0}]}}
{"sessionId":"38cfcc","location":"collector.rs:890","message":"refresh_all nvidia temp push","timestamp":1772952981082,"data":{"hypothesisId":"E","query_result":54.0,"pushed":54.0}}
{"sessionId":"38cfcc","location":"collector.rs:830","message":"NvAPI_EnumPhysicalGPUs","timestamp":1772952982527,"data":{"hypothesisId":"C","status":0,"gpu_count":1}}
{"sessionId":"38cfcc","location":"collector.rs:855","message":"NvAPI_GPU_GetThermalSettings","timestamp":1772952982528,"data":{"hypothesisId":"D","gpu_idx":0,"status":0,"sensors":[{"target":1,"currentTemp":53},{"target":0,"currentTemp":0},{"target":0,"currentTemp":0}]}}
{"sessionId":"38cfcc","location":"collector.rs:890","message":"refresh_all nvidia temp push","timestamp":1772952982528,"data":{"hypothesisId":"E","query_result":53.0,"pushed":53.0}}
{"sessionId":"38cfcc","location":"collector.rs:830","message":"NvAPI_EnumPhysicalGPUs","timestamp":1772952983970,"data":{"hypothesisId":"C","status":0,"gpu_count":1}}
{"sessionId":"38cfcc","location":"collector.rs:855","message":"NvAPI_GPU_GetThermalSettings","timestamp":1772952983971,"data":{"hypothesisId":"D","gpu_idx":0,"status":0,"sensors":[{"target":1,"currentTemp":53},{"target":0,"currentTemp":0},{"target":0,"currentTemp":0}]}}
{"sessionId":"38cfcc","location":"collector.rs:890","message":"refresh_all nvidia temp push","timestamp":1772952983971,"data":{"hypothesisId":"E","query_result":53.0,"pushed":53.0}}
{"sessionId":"38cfcc","location":"collector.rs:830","message":"NvAPI_EnumPhysicalGPUs","timestamp":1772952985417,"data":{"hypothesisId":"C","status":0,"gpu_count":1}}
{"sessionId":"38cfcc","location":"collector.rs:855","message":"NvAPI_GPU_GetThermalSettings","timestamp":1772952985418,"data":{"hypothesisId":"D","gpu_idx":0,"status":0,"sensors":[{"target":1,"currentTemp":53},{"target":0,"currentTemp":0},{"target":0,"currentTemp":0}]}}
{"sessionId":"38cfcc","location":"collector.rs:890","message":"refresh_all nvidia temp push","timestamp":1772952985418,"data":{"hypothesisId":"E","query_result":53.0,"pushed":53.0}}
{"sessionId":"38cfcc","location":"collector.rs:830","message":"NvAPI_EnumPhysicalGPUs","timestamp":1772952986873,"data":{"hypothesisId":"C","status":0,"gpu_count":1}}
{"sessionId":"38cfcc","location":"collector.rs:855","message":"NvAPI_GPU_GetThermalSettings","timestamp":1772952986873,"data":{"hypothesisId":"D","gpu_idx":0,"status":0,"sensors":[{"target":1,"currentTemp":53},{"target":0,"currentTemp":0},{"target":0,"currentTemp":0}]}}
{"sessionId":"38cfcc","location":"collector.rs:890","message":"refresh_all nvidia temp push","timestamp":1772952986873,"data":{"hypothesisId":"E","query_result":53.0,"pushed":53.0}}
{"sessionId":"38cfcc","location":"collector.rs:830","message":"NvAPI_EnumPhysicalGPUs","timestamp":1772952988340,"data":{"hypothesisId":"C","status":0,"gpu_count":1}}
{"sessionId":"38cfcc","location":"collector.rs:855","message":"NvAPI_GPU_GetThermalSettings","timestamp":1772952988340,"data":{"hypothesisId":"D","gpu_idx":0,"status":0,"sensors":[{"target":1,"currentTemp":53},{"target":0,"currentTemp":0},{"target":0,"currentTemp":0}]}}
{"sessionId":"38cfcc","location":"collector.rs:890","message":"refresh_all nvidia temp push","timestamp":1772952988341,"data":{"hypothesisId":"E","query_result":53.0,"pushed":53.0}}
{"sessionId":"38cfcc","location":"collector.rs:830","message":"NvAPI_EnumPhysicalGPUs","timestamp":1772952989805,"data":{"hypothesisId":"C","status":0,"gpu_count":1}}
{"sessionId":"38cfcc","location":"collector.rs:855","message":"NvAPI_GPU_GetThermalSettings","timestamp":1772952989805,"data":{"hypothesisId":"D","gpu_idx":0,"status":0,"sensors":[{"target":1,"currentTemp":53},{"target":0,"currentTemp":0},{"target":0,"currentTemp":0}]}}
{"sessionId":"38cfcc","location":"collector.rs:890","message":"refresh_all nvidia temp push","timestamp":1772952989805,"data":{"hypothesisId":"E","query_result":53.0,"pushed":53.0}}
{"sessionId":"38cfcc","location":"collector.rs:830","message":"NvAPI_EnumPhysicalGPUs","timestamp":1772952991255,"data":{"hypothesisId":"C","status":0,"gpu_count":1}}
{"sessionId":"38cfcc","location":"collector.rs:855","message":"NvAPI_GPU_GetThermalSettings","timestamp":1772952991255,"data":{"hypothesisId":"D","gpu_idx":0,"status":0,"sensors":[{"target":1,"currentTemp":53},{"target":0,"currentTemp":0},{"target":0,"currentTemp":0}]}}
{"sessionId":"38cfcc","location":"collector.rs:890","message":"refresh_all nvidia temp push","timestamp":1772952991256,"data":{"hypothesisId":"E","query_result":53.0,"pushed":53.0}}
{"sessionId":"38cfcc","location":"collector.rs:830","message":"NvAPI_EnumPhysicalGPUs","timestamp":1772952992724,"data":{"hypothesisId":"C","status":0,"gpu_count":1}}
{"sessionId":"38cfcc","location":"collector.rs:855","message":"NvAPI_GPU_GetThermalSettings","timestamp":1772952992726,"data":{"hypothesisId":"D","gpu_idx":0,"status":0,"sensors":[{"target":1,"currentTemp":53},{"target":0,"currentTemp":0},{"target":0,"currentTemp":0}]}}
{"sessionId":"38cfcc","location":"collector.rs:890","message":"refresh_all nvidia temp push","timestamp":1772952992726,"data":{"hypothesisId":"E","query_result":53.0,"pushed":53.0}}
{"sessionId":"38cfcc","location":"collector.rs:830","message":"NvAPI_EnumPhysicalGPUs","timestamp":1772952994197,"data":{"hypothesisId":"C","status":0,"gpu_count":1}}
{"sessionId":"38cfcc","location":"collector.rs:855","message":"NvAPI_GPU_GetThermalSettings","timestamp":1772952994197,"data":{"hypothesisId":"D","gpu_idx":0,"status":0,"sensors":[{"target":1,"currentTemp":53},{"target":0,"currentTemp":0},{"target":0,"currentTemp":0}]}}
{"sessionId":"38cfcc","location":"collector.rs:890","message":"refresh_all nvidia temp push","timestamp":1772952994198,"data":{"hypothesisId":"E","query_result":53.0,"pushed":53.0}}
{"sessionId":"38cfcc","location":"collector.rs:830","message":"NvAPI_EnumPhysicalGPUs","timestamp":1772952995667,"data":{"hypothesisId":"C","status":0,"gpu_count":1}}
{"sessionId":"38cfcc","location":"collector.rs:855","message":"NvAPI_GPU_GetThermalSettings","timestamp":1772952995667,"data":{"hypothesisId":"D","gpu_idx":0,"status":0,"sensors":[{"target":1,"currentTemp":53},{"target":0,"currentTemp":0},{"target":0,"currentTemp":0}]}}
{"sessionId":"38cfcc","location":"collector.rs:890","message":"refresh_all nvidia temp push","timestamp":1772952995667,"data":{"hypothesisId":"E","query_result":53.0,"pushed":53.0}}
{"sessionId":"38cfcc","location":"collector.rs:830","message":"NvAPI_EnumPhysicalGPUs","timestamp":1772952997122,"data":{"hypothesisId":"C","status":0,"gpu_count":1}}
{"sessionId":"38cfcc","location":"collector.rs:855","message":"NvAPI_GPU_GetThermalSettings","timestamp":1772952997122,"data":{"hypothesisId":"D","gpu_idx":0,"status":0,"sensors":[{"target":1,"currentTemp":53},{"target":0,"currentTemp":0},{"target":0,"currentTemp":0}]}}
{"sessionId":"38cfcc","location":"collector.rs:890","message":"refresh_all nvidia temp push","timestamp":1772952997122,"data":{"hypothesisId":"E","query_result":53.0,"pushed":53.0}}
{"sessionId":"38cfcc","location":"collector.rs:830","message":"NvAPI_EnumPhysicalGPUs","timestamp":1772952998574,"data":{"hypothesisId":"C","status":0,"gpu_count":1}}
{"sessionId":"38cfcc","location":"collector.rs:855","message":"NvAPI_GPU_GetThermalSettings","timestamp":1772952998574,"data":{"hypothesisId":"D","gpu_idx":0,"status":0,"sensors":[{"target":1,"currentTemp":52},{"target":0,"currentTemp":0},{"target":0,"currentTemp":0}]}}
{"sessionId":"38cfcc","location":"collector.rs:890","message":"refresh_all nvidia temp push","timestamp":1772952998574,"data":{"hypothesisId":"E","query_result":52.0,"pushed":52.0}}
{"sessionId":"38cfcc","location":"collector.rs:830","message":"NvAPI_EnumPhysicalGPUs","timestamp":1772953000064,"data":{"hypothesisId":"C","status":0,"gpu_count":1}}
{"sessionId":"38cfcc","location":"collector.rs:855","message":"NvAPI_GPU_GetThermalSettings","timestamp":1772953000065,"data":{"hypothesisId":"D","gpu_idx":0,"status":0,"sensors":[{"target":1,"currentTemp":54},{"target":0,"currentTemp":0},{"target":0,"currentTemp":0}]}}
{"sessionId":"38cfcc","location":"collector.rs:890","message":"refresh_all nvidia temp push","timestamp":1772953000066,"data":{"hypothesisId":"E","query_result":54.0,"pushed":54.0}}
{"sessionId":"38cfcc","location":"collector.rs:830","message":"NvAPI_EnumPhysicalGPUs","timestamp":1772953001533,"data":{"hypothesisId":"C","status":0,"gpu_count":1}}
{"sessionId":"38cfcc","location":"collector.rs:855","message":"NvAPI_GPU_GetThermalSettings","timestamp":1772953001533,"data":{"hypothesisId":"D","gpu_idx":0,"status":0,"sensors":[{"target":1,"currentTemp":55},{"target":0,"currentTemp":0},{"target":0,"currentTemp":0}]}}
{"sessionId":"38cfcc","location":"collector.rs:890","message":"refresh_all nvidia temp push","timestamp":1772953001533,"data":{"hypothesisId":"E","query_result":55.0,"pushed":55.0}}
{"sessionId":"38cfcc","location":"collector.rs:830","message":"NvAPI_EnumPhysicalGPUs","timestamp":1772953002975,"data":{"hypothesisId":"C","status":0,"gpu_count":1}}
{"sessionId":"38cfcc","location":"collector.rs:855","message":"NvAPI_GPU_GetThermalSettings","timestamp":1772953002976,"data":{"hypothesisId":"D","gpu_idx":0,"status":0,"sensors":[{"target":1,"currentTemp":54},{"target":0,"currentTemp":0},{"target":0,"currentTemp":0}]}}
{"sessionId":"38cfcc","location":"collector.rs:890","message":"refresh_all nvidia temp push","timestamp":1772953002976,"data":{"hypothesisId":"E","query_result":54.0,"pushed":54.0}}
{"sessionId":"38cfcc","location":"collector.rs:830","message":"NvAPI_EnumPhysicalGPUs","timestamp":1772953004409,"data":{"hypothesisId":"C","status":0,"gpu_count":1}}
{"sessionId":"38cfcc","location":"collector.rs:855","message":"NvAPI_GPU_GetThermalSettings","timestamp":1772953004409,"data":{"hypothesisId":"D","gpu_idx":0,"status":0,"sensors":[{"target":1,"currentTemp":53},{"target":0,"currentTemp":0},{"target":0,"currentTemp":0}]}}
{"sessionId":"38cfcc","location":"collector.rs:890","message":"refresh_all nvidia temp push","timestamp":1772953004409,"data":{"hypothesisId":"E","query_result":53.0,"pushed":53.0}}
{"sessionId":"38cfcc","location":"collector.rs:830","message":"NvAPI_EnumPhysicalGPUs","timestamp":1772953005893,"data":{"hypothesisId":"C","status":0,"gpu_count":1}}
{"sessionId":"38cfcc","location":"collector.rs:855","message":"NvAPI_GPU_GetThermalSettings","timestamp":1772953005893,"data":{"hypothesisId":"D","gpu_idx":0,"status":0,"sensors":[{"target":1,"currentTemp":53},{"target":0,"currentTemp":0},{"target":0,"currentTemp":0}]}}
{"sessionId":"38cfcc","location":"collector.rs:890","message":"refresh_all nvidia temp push","timestamp":1772953005893,"data":{"hypothesisId":"E","query_result":53.0,"pushed":53.0}}
{"sessionId":"38cfcc","location":"collector.rs:830","message":"NvAPI_EnumPhysicalGPUs","timestamp":1772953007347,"data":{"hypothesisId":"C","status":0,"gpu_count":1}}
{"sessionId":"38cfcc","location":"collector.rs:855","message":"NvAPI_GPU_GetThermalSettings","timestamp":1772953007347,"data":{"hypothesisId":"D","gpu_idx":0,"status":0,"sensors":[{"target":1,"currentTemp":53},{"target":0,"currentTemp":0},{"target":0,"currentTemp":0}]}}
{"sessionId":"38cfcc","location":"collector.rs:890","message":"refresh_all nvidia temp push","timestamp":1772953007347,"data":{"hypothesisId":"E","query_result":53.0,"pushed":53.0}}
{"sessionId":"38cfcc","location":"collector.rs:830","message":"NvAPI_EnumPhysicalGPUs","timestamp":1772953008819,"data":{"hypothesisId":"C","status":0,"gpu_count":1}}
{"sessionId":"38cfcc","location":"collector.rs:855","message":"NvAPI_GPU_GetThermalSettings","timestamp":1772953008819,"data":{"hypothesisId":"D","gpu_idx":0,"status":0,"sensors":[{"target":1,"currentTemp":53},{"target":0,"currentTemp":0},{"target":0,"currentTemp":0}]}}
{"sessionId":"38cfcc","location":"collector.rs:890","message":"refresh_all nvidia temp push","timestamp":1772953008820,"data":{"hypothesisId":"E","query_result":53.0,"pushed":53.0}}
{"sessionId":"38cfcc","location":"collector.rs:830","message":"NvAPI_EnumPhysicalGPUs","timestamp":1772953010284,"data":{"hypothesisId":"C","status":0,"gpu_count":1}}
{"sessionId":"38cfcc","location":"collector.rs:855","message":"NvAPI_GPU_GetThermalSettings","timestamp":1772953010285,"data":{"hypothesisId":"D","gpu_idx":0,"status":0,"sensors":[{"target":1,"currentTemp":53},{"target":0,"currentTemp":0},{"target":0,"currentTemp":0}]}}
{"sessionId":"38cfcc","location":"collector.rs:890","message":"refresh_all nvidia temp push","timestamp":1772953010285,"data":{"hypothesisId":"E","query_result":53.0,"pushed":53.0}}
{"sessionId":"38cfcc","location":"collector.rs:830","message":"NvAPI_EnumPhysicalGPUs","timestamp":1772953011763,"data":{"hypothesisId":"C","status":0,"gpu_count":1}}
{"sessionId":"38cfcc","location":"collector.rs:855","message":"NvAPI_GPU_GetThermalSettings","timestamp":1772953011764,"data":{"hypothesisId":"D","gpu_idx":0,"status":0,"sensors":[{"target":1,"currentTemp":53},{"target":0,"currentTemp":0},{"target":0,"currentTemp":0}]}}
{"sessionId":"38cfcc","location":"collector.rs:890","message":"refresh_all nvidia temp push","timestamp":1772953011764,"data":{"hypothesisId":"E","query_result":53.0,"pushed":53.0}}
{"sessionId":"38cfcc","location":"collector.rs:830","message":"NvAPI_EnumPhysicalGPUs","timestamp":1772953013212,"data":{"hypothesisId":"C","status":0,"gpu_count":1}}
{"sessionId":"38cfcc","location":"collector.rs:855","message":"NvAPI_GPU_GetThermalSettings","timestamp":1772953013212,"data":{"hypothesisId":"D","gpu_idx":0,"status":0,"sensors":[{"target":1,"currentTemp":53},{"target":0,"currentTemp":0},{"target":0,"currentTemp":0}]}}
{"sessionId":"38cfcc","location":"collector.rs:890","message":"refresh_all nvidia temp push","timestamp":1772953013213,"data":{"hypothesisId":"E","query_result":53.0,"pushed":53.0}}
{"sessionId":"38cfcc","location":"collector.rs:830","message":"NvAPI_EnumPhysicalGPUs","timestamp":1772953014679,"data":{"hypothesisId":"C","status":0,"gpu_count":1}}
{"sessionId":"38cfcc","location":"collector.rs:855","message":"NvAPI_GPU_GetThermalSettings","timestamp":1772953014682,"data":{"hypothesisId":"D","gpu_idx":0,"status":0,"sensors":[{"target":1,"currentTemp":53},{"target":0,"currentTemp":0},{"target":0,"currentTemp":0}]}}
{"sessionId":"38cfcc","location":"collector.rs:890","message":"refresh_all nvidia temp push","timestamp":1772953014682,"data":{"hypothesisId":"E","query_result":53.0,"pushed":53.0}}
{"sessionId":"38cfcc","location":"collector.rs:830","message":"NvAPI_EnumPhysicalGPUs","timestamp":1772953016126,"data":{"hypothesisId":"C","status":0,"gpu_count":1}}
{"sessionId":"38cfcc","location":"collector.rs:855","message":"NvAPI_GPU_GetThermalSettings","timestamp":1772953016126,"data":{"hypothesisId":"D","gpu_idx":0,"status":0,"sensors":[{"target":1,"currentTemp":52},{"target":0,"currentTemp":0},{"target":0,"currentTemp":0}]}}
{"sessionId":"38cfcc","location":"collector.rs:890","message":"refresh_all nvidia temp push","timestamp":1772953016126,"data":{"hypothesisId":"E","query_result":52.0,"pushed":52.0}}
{"sessionId":"38cfcc","location":"collector.rs:830","message":"NvAPI_EnumPhysicalGPUs","timestamp":1772953017590,"data":{"hypothesisId":"C","status":0,"gpu_count":1}}
{"sessionId":"38cfcc","location":"collector.rs:855","message":"NvAPI_GPU_GetThermalSettings","timestamp":1772953017630,"data":{"hypothesisId":"D","gpu_idx":0,"status":0,"sensors":[{"target":1,"currentTemp":52},{"target":0,"currentTemp":0},{"target":0,"currentTemp":0}]}}
{"sessionId":"38cfcc","location":"collector.rs:890","message":"refresh_all nvidia temp push","timestamp":1772953017631,"data":{"hypothesisId":"E","query_result":52.0,"pushed":52.0}}
{"sessionId":"38cfcc","location":"collector.rs:830","message":"NvAPI_EnumPhysicalGPUs","timestamp":1772953019104,"data":{"hypothesisId":"C","status":0,"gpu_count":1}}
{"sessionId":"38cfcc","location":"collector.rs:855","message":"NvAPI_GPU_GetThermalSettings","timestamp":1772953019107,"data":{"hypothesisId":"D","gpu_idx":0,"status":0,"sensors":[{"target":1,"currentTemp":52},{"target":0,"currentTemp":0},{"target":0,"currentTemp":0}]}}
{"sessionId":"38cfcc","location":"collector.rs:890","message":"refresh_all nvidia temp push","timestamp":1772953019107,"data":{"hypothesisId":"E","query_result":52.0,"pushed":52.0}}
{"sessionId":"38cfcc","location":"collector.rs:830","message":"NvAPI_EnumPhysicalGPUs","timestamp":1772953020582,"data":{"hypothesisId":"C","status":0,"gpu_count":1}}
{"sessionId":"38cfcc","location":"collector.rs:855","message":"NvAPI_GPU_GetThermalSettings","timestamp":1772953020582,"data":{"hypothesisId":"D","gpu_idx":0,"status":0,"sensors":[{"target":1,"currentTemp":52},{"target":0,"currentTemp":0},{"target":0,"currentTemp":0}]}}
{"sessionId":"38cfcc","location":"collector.rs:890","message":"refresh_all nvidia temp push","timestamp":1772953020582,"data":{"hypothesisId":"E","query_result":52.0,"pushed":52.0}}
{"sessionId":"38cfcc","location":"collector.rs:830","message":"NvAPI_EnumPhysicalGPUs","timestamp":1772953022062,"data":{"hypothesisId":"C","status":0,"gpu_count":1}}
{"sessionId":"38cfcc","location":"collector.rs:855","message":"NvAPI_GPU_GetThermalSettings","timestamp":1772953022064,"data":{"hypothesisId":"D","gpu_idx":0,"status":0,"sensors":[{"target":1,"currentTemp":52},{"target":0,"currentTemp":0},{"target":0,"currentTemp":0}]}}
{"sessionId":"38cfcc","location":"collector.rs:890","message":"refresh_all nvidia temp push","timestamp":1772953022064,"data":{"hypothesisId":"E","query_result":52.0,"pushed":52.0}}
{"sessionId":"38cfcc","location":"collector.rs:830","message":"NvAPI_EnumPhysicalGPUs","timestamp":1772953023552,"data":{"hypothesisId":"C","status":0,"gpu_count":1}}
{"sessionId":"38cfcc","location":"collector.rs:855","message":"NvAPI_GPU_GetThermalSettings","timestamp":1772953023553,"data":{"hypothesisId":"D","gpu_idx":0,"status":0,"sensors":[{"target":1,"currentTemp":52},{"target":0,"currentTemp":0},{"target":0,"currentTemp":0}]}}
{"sessionId":"38cfcc","location":"collector.rs:890","message":"refresh_all nvidia temp push","timestamp":1772953023553,"data":{"hypothesisId":"E","query_result":52.0,"pushed":52.0}}
{"sessionId":"38cfcc","location":"collector.rs:830","message":"NvAPI_EnumPhysicalGPUs","timestamp":1772953025004,"data":{"hypothesisId":"C","status":0,"gpu_count":1}}
{"sessionId":"38cfcc","location":"collector.rs:855","message":"NvAPI_GPU_GetThermalSettings","timestamp":1772953025004,"data":{"hypothesisId":"D","gpu_idx":0,"status":0,"sensors":[{"target":1,"currentTemp":52},{"target":0,"currentTemp":0},{"target":0,"currentTemp":0}]}}
{"sessionId":"38cfcc","location":"collector.rs:890","message":"refresh_all nvidia temp push","timestamp":1772953025005,"data":{"hypothesisId":"E","query_result":52.0,"pushed":52.0}}
{"sessionId":"38cfcc","location":"collector.rs:830","message":"NvAPI_EnumPhysicalGPUs","timestamp":1772953026468,"data":{"hypothesisId":"C","status":0,"gpu_count":1}}
{"sessionId":"38cfcc","location":"collector.rs:855","message":"NvAPI_GPU_GetThermalSettings","timestamp":1772953026468,"data":{"hypothesisId":"D","gpu_idx":0,"status":0,"sensors":[{"target":1,"currentTemp":52},{"target":0,"currentTemp":0},{"target":0,"currentTemp":0}]}}
{"sessionId":"38cfcc","location":"collector.rs:890","message":"refresh_all nvidia temp push","timestamp":1772953026468,"data":{"hypothesisId":"E","query_result":52.0,"pushed":52.0}}
{"sessionId":"38cfcc","location":"collector.rs:830","message":"NvAPI_EnumPhysicalGPUs","timestamp":1772953027958,"data":{"hypothesisId":"C","status":0,"gpu_count":1}}
{"sessionId":"38cfcc","location":"collector.rs:855","message":"NvAPI_GPU_GetThermalSettings","timestamp":1772953027960,"data":{"hypothesisId":"D","gpu_idx":0,"status":0,"sensors":[{"target":1,"currentTemp":52},{"target":0,"currentTemp":0},{"target":0,"currentTemp":0}]}}
{"sessionId":"38cfcc","location":"collector.rs:890","message":"refresh_all nvidia temp push","timestamp":1772953027960,"data":{"hypothesisId":"E","query_result":52.0,"pushed":52.0}}
{"sessionId":"38cfcc","location":"collector.rs:830","message":"NvAPI_EnumPhysicalGPUs","timestamp":1772953029438,"data":{"hypothesisId":"C","status":0,"gpu_count":1}}
{"sessionId":"38cfcc","location":"collector.rs:855","message":"NvAPI_GPU_GetThermalSettings","timestamp":1772953029439,"data":{"hypothesisId":"D","gpu_idx":0,"status":0,"sensors":[{"target":1,"currentTemp":52},{"target":0,"currentTemp":0},{"target":0,"currentTemp":0}]}}
{"sessionId":"38cfcc","location":"collector.rs:890","message":"refresh_all nvidia temp push","timestamp":1772953029439,"data":{"hypothesisId":"E","query_result":52.0,"pushed":52.0}}
{"sessionId":"38cfcc","location":"collector.rs:830","message":"NvAPI_EnumPhysicalGPUs","timestamp":1772953030902,"data":{"hypothesisId":"C","status":0,"gpu_count":1}}
{"sessionId":"38cfcc","location":"collector.rs:855","message":"NvAPI_GPU_GetThermalSettings","timestamp":1772953030903,"data":{"hypothesisId":"D","gpu_idx":0,"status":0,"sensors":[{"target":1,"currentTemp":52},{"target":0,"currentTemp":0},{"target":0,"currentTemp":0}]}}
{"sessionId":"38cfcc","location":"collector.rs:890","message":"refresh_all nvidia temp push","timestamp":1772953030903,"data":{"hypothesisId":"E","query_result":52.0,"pushed":52.0}}
{"sessionId":"38cfcc","location":"collector.rs:830","message":"NvAPI_EnumPhysicalGPUs","timestamp":1772953032388,"data":{"hypothesisId":"C","status":0,"gpu_count":1}}
{"sessionId":"38cfcc","location":"collector.rs:855","message":"NvAPI_GPU_GetThermalSettings","timestamp":1772953032389,"data":{"hypothesisId":"D","gpu_idx":0,"status":0,"sensors":[{"target":1,"currentTemp":52},{"target":0,"currentTemp":0},{"target":0,"currentTemp":0}]}}
{"sessionId":"38cfcc","location":"collector.rs:890","message":"refresh_all nvidia temp push","timestamp":1772953032389,"data":{"hypothesisId":"E","query_result":52.0,"pushed":52.0}}
{"sessionId":"38cfcc","location":"collector.rs:830","message":"NvAPI_EnumPhysicalGPUs","timestamp":1772953033866,"data":{"hypothesisId":"C","status":0,"gpu_count":1}}
{"sessionId":"38cfcc","location":"collector.rs:855","message":"NvAPI_GPU_GetThermalSettings","timestamp":1772953033866,"data":{"hypothesisId":"D","gpu_idx":0,"status":0,"sensors":[{"target":1,"currentTemp":52},{"target":0,"currentTemp":0},{"target":0,"currentTemp":0}]}}
{"sessionId":"38cfcc","location":"collector.rs:890","message":"refresh_all nvidia temp push","timestamp":1772953033867,"data":{"hypothesisId":"E","query_result":52.0,"pushed":52.0}}
{"sessionId":"38cfcc","location":"collector.rs:830","message":"NvAPI_EnumPhysicalGPUs","timestamp":1772953035363,"data":{"hypothesisId":"C","status":0,"gpu_count":1}}
{"sessionId":"38cfcc","location":"collector.rs:855","message":"NvAPI_GPU_GetThermalSettings","timestamp":1772953035363,"data":{"hypothesisId":"D","gpu_idx":0,"status":0,"sensors":[{"target":1,"currentTemp":52},{"target":0,"currentTemp":0},{"target":0,"currentTemp":0}]}}
{"sessionId":"38cfcc","location":"collector.rs:890","message":"refresh_all nvidia temp push","timestamp":1772953035363,"data":{"hypothesisId":"E","query_result":52.0,"pushed":52.0}}
{"sessionId":"38cfcc","location":"collector.rs:830","message":"NvAPI_EnumPhysicalGPUs","timestamp":1772953036835,"data":{"hypothesisId":"C","status":0,"gpu_count":1}}
{"sessionId":"38cfcc","location":"collector.rs:855","message":"NvAPI_GPU_GetThermalSettings","timestamp":1772953036835,"data":{"hypothesisId":"D","gpu_idx":0,"status":0,"sensors":[{"target":1,"currentTemp":52},{"target":0,"currentTemp":0},{"target":0,"currentTemp":0}]}}
{"sessionId":"38cfcc","location":"collector.rs:890","message":"refresh_all nvidia temp push","timestamp":1772953036835,"data":{"hypothesisId":"E","query_result":52.0,"pushed":52.0}}
{"sessionId":"38cfcc","location":"collector.rs:830","message":"NvAPI_EnumPhysicalGPUs","timestamp":1772953038319,"data":{"hypothesisId":"C","status":0,"gpu_count":1}}
{"sessionId":"38cfcc","location":"collector.rs:855","message":"NvAPI_GPU_GetThermalSettings","timestamp":1772953038322,"data":{"hypothesisId":"D","gpu_idx":0,"status":0,"sensors":[{"target":1,"currentTemp":52},{"target":0,"currentTemp":0},{"target":0,"currentTemp":0}]}}
{"sessionId":"38cfcc","location":"collector.rs:890","message":"refresh_all nvidia temp push","timestamp":1772953038322,"data":{"hypothesisId":"E","query_result":52.0,"pushed":52.0}}
{"sessionId":"38cfcc","location":"collector.rs:830","message":"NvAPI_EnumPhysicalGPUs","timestamp":1772953039803,"data":{"hypothesisId":"C","status":0,"gpu_count":1}}
{"sessionId":"38cfcc","location":"collector.rs:855","message":"NvAPI_GPU_GetThermalSettings","timestamp":1772953039803,"data":{"hypothesisId":"D","gpu_idx":0,"status":0,"sensors":[{"target":1,"currentTemp":52},{"target":0,"currentTemp":0},{"target":0,"currentTemp":0}]}}
{"sessionId":"38cfcc","location":"collector.rs:890","message":"refresh_all nvidia temp push","timestamp":1772953039803,"data":{"hypothesisId":"E","query_result":52.0,"pushed":52.0}}
{"sessionId":"38cfcc","location":"collector.rs:830","message":"NvAPI_EnumPhysicalGPUs","timestamp":1772953041299,"data":{"hypothesisId":"C","status":0,"gpu_count":1}}
{"sessionId":"38cfcc","location":"collector.rs:855","message":"NvAPI_GPU_GetThermalSettings","timestamp":1772953041299,"data":{"hypothesisId":"D","gpu_idx":0,"status":0,"sensors":[{"target":1,"currentTemp":52},{"target":0,"currentTemp":0},{"target":0,"currentTemp":0}]}}
{"sessionId":"38cfcc","location":"collector.rs:890","message":"refresh_all nvidia temp push","timestamp":1772953041299,"data":{"hypothesisId":"E","query_result":52.0,"pushed":52.0}}
{"sessionId":"38cfcc","location":"collector.rs:830","message":"NvAPI_EnumPhysicalGPUs","timestamp":1772953042742,"data":{"hypothesisId":"C","status":0,"gpu_count":1}}
{"sessionId":"38cfcc","location":"collector.rs:855","message":"NvAPI_GPU_GetThermalSettings","timestamp":1772953042742,"data":{"hypothesisId":"D","gpu_idx":0,"status":0,"sensors":[{"target":1,"currentTemp":51},{"target":0,"currentTemp":0},{"target":0,"currentTemp":0}]}}
{"sessionId":"38cfcc","location":"collector.rs:890","message":"refresh_all nvidia temp push","timestamp":1772953042743,"data":{"hypothesisId":"E","query_result":51.0,"pushed":51.0}}
{"sessionId":"38cfcc","location":"collector.rs:830","message":"NvAPI_EnumPhysicalGPUs","timestamp":1772953044221,"data":{"hypothesisId":"C","status":0,"gpu_count":1}}
{"sessionId":"38cfcc","location":"collector.rs:855","message":"NvAPI_GPU_GetThermalSettings","timestamp":1772953044222,"data":{"hypothesisId":"D","gpu_idx":0,"status":0,"sensors":[{"target":1,"currentTemp":51},{"target":0,"currentTemp":0},{"target":0,"currentTemp":0}]}}
{"sessionId":"38cfcc","location":"collector.rs:890","message":"refresh_all nvidia temp push","timestamp":1772953044223,"data":{"hypothesisId":"E","query_result":51.0,"pushed":51.0}}
{"sessionId":"38cfcc","location":"collector.rs:830","message":"NvAPI_EnumPhysicalGPUs","timestamp":1772953045711,"data":{"hypothesisId":"C","status":0,"gpu_count":1}}
{"sessionId":"38cfcc","location":"collector.rs:855","message":"NvAPI_GPU_GetThermalSettings","timestamp":1772953045711,"data":{"hypothesisId":"D","gpu_idx":0,"status":0,"sensors":[{"target":1,"currentTemp":51},{"target":0,"currentTemp":0},{"target":0,"currentTemp":0}]}}
{"sessionId":"38cfcc","location":"collector.rs:890","message":"refresh_all nvidia temp push","timestamp":1772953045712,"data":{"hypothesisId":"E","query_result":51.0,"pushed":51.0}}
{"sessionId":"38cfcc","location":"collector.rs:830","message":"NvAPI_EnumPhysicalGPUs","timestamp":1772953047176,"data":{"hypothesisId":"C","status":0,"gpu_count":1}}
{"sessionId":"38cfcc","location":"collector.rs:855","message":"NvAPI_GPU_GetThermalSettings","timestamp":1772953047176,"data":{"hypothesisId":"D","gpu_idx":0,"status":0,"sensors":[{"target":1,"currentTemp":51},{"target":0,"currentTemp":0},{"target":0,"currentTemp":0}]}}
{"sessionId":"38cfcc","location":"collector.rs:890","message":"refresh_all nvidia temp push","timestamp":1772953047177,"data":{"hypothesisId":"E","query_result":51.0,"pushed":51.0}}
{"sessionId":"38cfcc","location":"collector.rs:830","message":"NvAPI_EnumPhysicalGPUs","timestamp":1772953048673,"data":{"hypothesisId":"C","status":0,"gpu_count":1}}
{"sessionId":"38cfcc","location":"collector.rs:855","message":"NvAPI_GPU_GetThermalSettings","timestamp":1772953048684,"data":{"hypothesisId":"D","gpu_idx":0,"status":0,"sensors":[{"target":1,"currentTemp":51},{"target":0,"currentTemp":0},{"target":0,"currentTemp":0}]}}
{"sessionId":"38cfcc","location":"collector.rs:890","message":"refresh_all nvidia temp push","timestamp":1772953048684,"data":{"hypothesisId":"E","query_result":51.0,"pushed":51.0}}
{"sessionId":"38cfcc","location":"collector.rs:830","message":"NvAPI_EnumPhysicalGPUs","timestamp":1772953050131,"data":{"hypothesisId":"C","status":0,"gpu_count":1}}
{"sessionId":"38cfcc","location":"collector.rs:855","message":"NvAPI_GPU_GetThermalSettings","timestamp":1772953050131,"data":{"hypothesisId":"D","gpu_idx":0,"status":0,"sensors":[{"target":1,"currentTemp":51},{"target":0,"currentTemp":0},{"target":0,"currentTemp":0}]}}
{"sessionId":"38cfcc","location":"collector.rs:890","message":"refresh_all nvidia temp push","timestamp":1772953050132,"data":{"hypothesisId":"E","query_result":51.0,"pushed":51.0}}
{"sessionId":"38cfcc","location":"collector.rs:830","message":"NvAPI_EnumPhysicalGPUs","timestamp":1772953051596,"data":{"hypothesisId":"C","status":0,"gpu_count":1}}
{"sessionId":"38cfcc","location":"collector.rs:855","message":"NvAPI_GPU_GetThermalSettings","timestamp":1772953051597,"data":{"hypothesisId":"D","gpu_idx":0,"status":0,"sensors":[{"target":1,"currentTemp":51},{"target":0,"currentTemp":0},{"target":0,"currentTemp":0}]}}
{"sessionId":"38cfcc","location":"collector.rs:890","message":"refresh_all nvidia temp push","timestamp":1772953051597,"data":{"hypothesisId":"E","query_result":51.0,"pushed":51.0}}
{"sessionId":"38cfcc","location":"collector.rs:830","message":"NvAPI_EnumPhysicalGPUs","timestamp":1772953053051,"data":{"hypothesisId":"C","status":0,"gpu_count":1}}
{"sessionId":"38cfcc","location":"collector.rs:855","message":"NvAPI_GPU_GetThermalSettings","timestamp":1772953053052,"data":{"hypothesisId":"D","gpu_idx":0,"status":0,"sensors":[{"target":1,"currentTemp":51},{"target":0,"currentTemp":0},{"target":0,"currentTemp":0}]}}
{"sessionId":"38cfcc","location":"collector.rs:890","message":"refresh_all nvidia temp push","timestamp":1772953053053,"data":{"hypothesisId":"E","query_result":51.0,"pushed":51.0}}
{"sessionId":"38cfcc","location":"collector.rs:830","message":"NvAPI_EnumPhysicalGPUs","timestamp":1772953054568,"data":{"hypothesisId":"C","status":0,"gpu_count":1}}
{"sessionId":"38cfcc","location":"collector.rs:855","message":"NvAPI_GPU_GetThermalSettings","timestamp":1772953054568,"data":{"hypothesisId":"D","gpu_idx":0,"status":0,"sensors":[{"target":1,"currentTemp":51},{"target":0,"currentTemp":0},{"target":0,"currentTemp":0}]}}
{"sessionId":"38cfcc","location":"collector.rs:890","message":"refresh_all nvidia temp push","timestamp":1772953054569,"data":{"hypothesisId":"E","query_result":51.0,"pushed":51.0}}
{"sessionId":"38cfcc","location":"collector.rs:830","message":"NvAPI_EnumPhysicalGPUs","timestamp":1772953056017,"data":{"hypothesisId":"C","status":0,"gpu_count":1}}
{"sessionId":"38cfcc","location":"collector.rs:855","message":"NvAPI_GPU_GetThermalSettings","timestamp":1772953056017,"data":{"hypothesisId":"D","gpu_idx":0,"status":0,"sensors":[{"target":1,"currentTemp":51},{"target":0,"currentTemp":0},{"target":0,"currentTemp":0}]}}
{"sessionId":"38cfcc","location":"collector.rs:890","message":"refresh_all nvidia temp push","timestamp":1772953056017,"data":{"hypothesisId":"E","query_result":51.0,"pushed":51.0}}
{"sessionId":"38cfcc","location":"collector.rs:830","message":"NvAPI_EnumPhysicalGPUs","timestamp":1772953057483,"data":{"hypothesisId":"C","status":0,"gpu_count":1}}
{"sessionId":"38cfcc","location":"collector.rs:855","message":"NvAPI_GPU_GetThermalSettings","timestamp":1772953057484,"data":{"hypothesisId":"D","gpu_idx":0,"status":0,"sensors":[{"target":1,"currentTemp":51},{"target":0,"currentTemp":0},{"target":0,"currentTemp":0}]}}
{"sessionId":"38cfcc","location":"collector.rs:890","message":"refresh_all nvidia temp push","timestamp":1772953057484,"data":{"hypothesisId":"E","query_result":51.0,"pushed":51.0}}
{"sessionId":"38cfcc","location":"collector.rs:830","message":"NvAPI_EnumPhysicalGPUs","timestamp":1772953058982,"data":{"hypothesisId":"C","status":0,"gpu_count":1}}
{"sessionId":"38cfcc","location":"collector.rs:855","message":"NvAPI_GPU_GetThermalSettings","timestamp":1772953058984,"data":{"hypothesisId":"D","gpu_idx":0,"status":0,"sensors":[{"target":1,"currentTemp":51},{"target":0,"currentTemp":0},{"target":0,"currentTemp":0}]}}
{"sessionId":"38cfcc","location":"collector.rs:890","message":"refresh_all nvidia temp push","timestamp":1772953058985,"data":{"hypothesisId":"E","query_result":51.0,"pushed":51.0}}
{"sessionId":"38cfcc","location":"collector.rs:830","message":"NvAPI_EnumPhysicalGPUs","timestamp":1772953060454,"data":{"hypothesisId":"C","status":0,"gpu_count":1}}
{"sessionId":"38cfcc","location":"collector.rs:855","message":"NvAPI_GPU_GetThermalSettings","timestamp":1772953060454,"data":{"hypothesisId":"D","gpu_idx":0,"status":0,"sensors":[{"target":1,"currentTemp":51},{"target":0,"currentTemp":0},{"target":0,"currentTemp":0}]}}
{"sessionId":"38cfcc","location":"collector.rs:890","message":"refresh_all nvidia temp push","timestamp":1772953060455,"data":{"hypothesisId":"E","query_result":51.0,"pushed":51.0}}
{"sessionId":"38cfcc","location":"collector.rs:830","message":"NvAPI_EnumPhysicalGPUs","timestamp":1772953061903,"data":{"hypothesisId":"C","status":0,"gpu_count":1}}
{"sessionId":"38cfcc","location":"collector.rs:855","message":"NvAPI_GPU_GetThermalSettings","timestamp":1772953061906,"data":{"hypothesisId":"D","gpu_idx":0,"status":0,"sensors":[{"target":1,"currentTemp":51},{"target":0,"currentTemp":0},{"target":0,"currentTemp":0}]}}
{"sessionId":"38cfcc","location":"collector.rs:890","message":"refresh_all nvidia temp push","timestamp":1772953061906,"data":{"hypothesisId":"E","query_result":51.0,"pushed":51.0}}
{"sessionId":"38cfcc","location":"collector.rs:830","message":"NvAPI_EnumPhysicalGPUs","timestamp":1772953063389,"data":{"hypothesisId":"C","status":0,"gpu_count":1}}
{"sessionId":"38cfcc","location":"collector.rs:855","message":"NvAPI_GPU_GetThermalSettings","timestamp":1772953063389,"data":{"hypothesisId":"D","gpu_idx":0,"status":0,"sensors":[{"target":1,"currentTemp":51},{"target":0,"currentTemp":0},{"target":0,"currentTemp":0}]}}
{"sessionId":"38cfcc","location":"collector.rs:890","message":"refresh_all nvidia temp push","timestamp":1772953063389,"data":{"hypothesisId":"E","query_result":51.0,"pushed":51.0}}
{"sessionId":"38cfcc","location":"collector.rs:830","message":"NvAPI_EnumPhysicalGPUs","timestamp":1772953064865,"data":{"hypothesisId":"C","status":0,"gpu_count":1}}
{"sessionId":"38cfcc","location":"collector.rs:855","message":"NvAPI_GPU_GetThermalSettings","timestamp":1772953064866,"data":{"hypothesisId":"D","gpu_idx":0,"status":0,"sensors":[{"target":1,"currentTemp":51},{"target":0,"currentTemp":0},{"target":0,"currentTemp":0}]}}
{"sessionId":"38cfcc","location":"collector.rs:890","message":"refresh_all nvidia temp push","timestamp":1772953064866,"data":{"hypothesisId":"E","query_result":51.0,"pushed":51.0}}
{"sessionId":"38cfcc","location":"collector.rs:830","message":"NvAPI_EnumPhysicalGPUs","timestamp":1772953066355,"data":{"hypothesisId":"C","status":0,"gpu_count":1}}
{"sessionId":"38cfcc","location":"collector.rs:855","message":"NvAPI_GPU_GetThermalSettings","timestamp":1772953066363,"data":{"hypothesisId":"D","gpu_idx":0,"status":0,"sensors":[{"target":1,"currentTemp":51},{"target":0,"currentTemp":0},{"target":0,"currentTemp":0}]}}
{"sessionId":"38cfcc","location":"collector.rs:890","message":"refresh_all nvidia temp push","timestamp":1772953066363,"data":{"hypothesisId":"E","query_result":51.0,"pushed":51.0}}
{"sessionId":"38cfcc","location":"collector.rs:830","message":"NvAPI_EnumPhysicalGPUs","timestamp":1772953067836,"data":{"hypothesisId":"C","status":0,"gpu_count":1}}
{"sessionId":"38cfcc","location":"collector.rs:855","message":"NvAPI_GPU_GetThermalSettings","timestamp":1772953067837,"data":{"hypothesisId":"D","gpu_idx":0,"status":0,"sensors":[{"target":1,"currentTemp":51},{"target":0,"currentTemp":0},{"target":0,"currentTemp":0}]}}
{"sessionId":"38cfcc","location":"collector.rs:890","message":"refresh_all nvidia temp push","timestamp":1772953067837,"data":{"hypothesisId":"E","query_result":51.0,"pushed":51.0}}
{"sessionId":"38cfcc","location":"collector.rs:830","message":"NvAPI_EnumPhysicalGPUs","timestamp":1772953069325,"data":{"hypothesisId":"C","status":0,"gpu_count":1}}
{"sessionId":"38cfcc","location":"collector.rs:855","message":"NvAPI_GPU_GetThermalSettings","timestamp":1772953069326,"data":{"hypothesisId":"D","gpu_idx":0,"status":0,"sensors":[{"target":1,"currentTemp":51},{"target":0,"currentTemp":0},{"target":0,"currentTemp":0}]}}
{"sessionId":"38cfcc","location":"collector.rs:890","message":"refresh_all nvidia temp push","timestamp":1772953069326,"data":{"hypothesisId":"E","query_result":51.0,"pushed":51.0}}
{"sessionId":"38cfcc","location":"collector.rs:830","message":"NvAPI_EnumPhysicalGPUs","timestamp":1772953070823,"data":{"hypothesisId":"C","status":0,"gpu_count":1}}
{"sessionId":"38cfcc","location":"collector.rs:855","message":"NvAPI_GPU_GetThermalSettings","timestamp":1772953070824,"data":{"hypothesisId":"D","gpu_idx":0,"status":0,"sensors":[{"target":1,"currentTemp":51},{"target":0,"currentTemp":0},{"target":0,"currentTemp":0}]}}
{"sessionId":"38cfcc","location":"collector.rs:890","message":"refresh_all nvidia temp push","timestamp":1772953070824,"data":{"hypothesisId":"E","query_result":51.0,"pushed":51.0}}
{"sessionId":"38cfcc","location":"collector.rs:830","message":"NvAPI_EnumPhysicalGPUs","timestamp":1772953072326,"data":{"hypothesisId":"C","status":0,"gpu_count":1}}
{"sessionId":"38cfcc","location":"collector.rs:855","message":"NvAPI_GPU_GetThermalSettings","timestamp":1772953072329,"data":{"hypothesisId":"D","gpu_idx":0,"status":0,"sensors":[{"target":1,"currentTemp":51},{"target":0,"currentTemp":0},{"target":0,"currentTemp":0}]}}
{"sessionId":"38cfcc","location":"collector.rs:890","message":"refresh_all nvidia temp push","timestamp":1772953072330,"data":{"hypothesisId":"E","query_result":51.0,"pushed":51.0}}
{"sessionId":"38cfcc","location":"collector.rs:830","message":"NvAPI_EnumPhysicalGPUs","timestamp":1772953073788,"data":{"hypothesisId":"C","status":0,"gpu_count":1}}
{"sessionId":"38cfcc","location":"collector.rs:855","message":"NvAPI_GPU_GetThermalSettings","timestamp":1772953073792,"data":{"hypothesisId":"D","gpu_idx":0,"status":0,"sensors":[{"target":1,"currentTemp":51},{"target":0,"currentTemp":0},{"target":0,"currentTemp":0}]}}
{"sessionId":"38cfcc","location":"collector.rs:890","message":"refresh_all nvidia temp push","timestamp":1772953073793,"data":{"hypothesisId":"E","query_result":51.0,"pushed":51.0}}
{"sessionId":"38cfcc","location":"collector.rs:830","message":"NvAPI_EnumPhysicalGPUs","timestamp":1772953075298,"data":{"hypothesisId":"C","status":0,"gpu_count":1}}
{"sessionId":"38cfcc","location":"collector.rs:855","message":"NvAPI_GPU_GetThermalSettings","timestamp":1772953075303,"data":{"hypothesisId":"D","gpu_idx":0,"status":0,"sensors":[{"target":1,"currentTemp":50},{"target":0,"currentTemp":0},{"target":0,"currentTemp":0}]}}
{"sessionId":"38cfcc","location":"collector.rs:890","message":"refresh_all nvidia temp push","timestamp":1772953075303,"data":{"hypothesisId":"E","query_result":50.0,"pushed":50.0}}
{"sessionId":"38cfcc","location":"collector.rs:830","message":"NvAPI_EnumPhysicalGPUs","timestamp":1772953076791,"data":{"hypothesisId":"C","status":0,"gpu_count":1}}
{"sessionId":"38cfcc","location":"collector.rs:855","message":"NvAPI_GPU_GetThermalSettings","timestamp":1772953076792,"data":{"hypothesisId":"D","gpu_idx":0,"status":0,"sensors":[{"target":1,"currentTemp":51},{"target":0,"currentTemp":0},{"target":0,"currentTemp":0}]}}
{"sessionId":"38cfcc","location":"collector.rs:890","message":"refresh_all nvidia temp push","timestamp":1772953076792,"data":{"hypothesisId":"E","query_result":51.0,"pushed":51.0}}
{"sessionId":"38cfcc","location":"collector.rs:830","message":"NvAPI_EnumPhysicalGPUs","timestamp":1772953078292,"data":{"hypothesisId":"C","status":0,"gpu_count":1}}
{"sessionId":"38cfcc","location":"collector.rs:855","message":"NvAPI_GPU_GetThermalSettings","timestamp":1772953078292,"data":{"hypothesisId":"D","gpu_idx":0,"status":0,"sensors":[{"target":1,"currentTemp":51},{"target":0,"currentTemp":0},{"target":0,"currentTemp":0}]}}
{"sessionId":"38cfcc","location":"collector.rs:890","message":"refresh_all nvidia temp push","timestamp":1772953078293,"data":{"hypothesisId":"E","query_result":51.0,"pushed":51.0}}
{"sessionId":"38cfcc","location":"collector.rs:830","message":"NvAPI_EnumPhysicalGPUs","timestamp":1772953079741,"data":{"hypothesisId":"C","status":0,"gpu_count":1}}
{"sessionId":"38cfcc","location":"collector.rs:855","message":"NvAPI_GPU_GetThermalSettings","timestamp":1772953079741,"data":{"hypothesisId":"D","gpu_idx":0,"status":0,"sensors":[{"target":1,"currentTemp":51},{"target":0,"currentTemp":0},{"target":0,"currentTemp":0}]}}
{"sessionId":"38cfcc","location":"collector.rs:890","message":"refresh_all nvidia temp push","timestamp":1772953079741,"data":{"hypothesisId":"E","query_result":51.0,"pushed":51.0}}
{"sessionId":"38cfcc","location":"collector.rs:830","message":"NvAPI_EnumPhysicalGPUs","timestamp":1772953081204,"data":{"hypothesisId":"C","status":0,"gpu_count":1}}
{"sessionId":"38cfcc","location":"collector.rs:855","message":"NvAPI_GPU_GetThermalSettings","timestamp":1772953081206,"data":{"hypothesisId":"D","gpu_idx":0,"status":0,"sensors":[{"target":1,"currentTemp":51},{"target":0,"currentTemp":0},{"target":0,"currentTemp":0}]}}
{"sessionId":"38cfcc","location":"collector.rs:890","message":"refresh_all nvidia temp push","timestamp":1772953081206,"data":{"hypothesisId":"E","query_result":51.0,"pushed":51.0}}
{"sessionId":"38cfcc","location":"collector.rs:830","message":"NvAPI_EnumPhysicalGPUs","timestamp":1772953082703,"data":{"hypothesisId":"C","status":0,"gpu_count":1}}
{"sessionId":"38cfcc","location":"collector.rs:855","message":"NvAPI_GPU_GetThermalSettings","timestamp":1772953082703,"data":{"hypothesisId":"D","gpu_idx":0,"status":0,"sensors":[{"target":1,"currentTemp":51},{"target":0,"currentTemp":0},{"target":0,"currentTemp":0}]}}
{"sessionId":"38cfcc","location":"collector.rs:890","message":"refresh_all nvidia temp push","timestamp":1772953082704,"data":{"hypothesisId":"E","query_result":51.0,"pushed":51.0}}
{"sessionId":"38cfcc","location":"collector.rs:830","message":"NvAPI_EnumPhysicalGPUs","timestamp":1772953084163,"data":{"hypothesisId":"C","status":0,"gpu_count":1}}
{"sessionId":"38cfcc","location":"collector.rs:855","message":"NvAPI_GPU_GetThermalSettings","timestamp":1772953084164,"data":{"hypothesisId":"D","gpu_idx":0,"status":0,"sensors":[{"target":1,"currentTemp":51},{"target":0,"currentTemp":0},{"target":0,"currentTemp":0}]}}
{"sessionId":"38cfcc","location":"collector.rs:890","message":"refresh_all nvidia temp push","timestamp":1772953084164,"data":{"hypothesisId":"E","query_result":51.0,"pushed":51.0}}
{"sessionId":"38cfcc","location":"collector.rs:830","message":"NvAPI_EnumPhysicalGPUs","timestamp":1772953085616,"data":{"hypothesisId":"C","status":0,"gpu_count":1}}
{"sessionId":"38cfcc","location":"collector.rs:855","message":"NvAPI_GPU_GetThermalSettings","timestamp":1772953085616,"data":{"hypothesisId":"D","gpu_idx":0,"status":0,"sensors":[{"target":1,"currentTemp":51},{"target":0,"currentTemp":0},{"target":0,"currentTemp":0}]}}
{"sessionId":"38cfcc","location":"collector.rs:890","message":"refresh_all nvidia temp push","timestamp":1772953085617,"data":{"hypothesisId":"E","query_result":51.0,"pushed":51.0}}
{"sessionId":"38cfcc","location":"collector.rs:830","message":"NvAPI_EnumPhysicalGPUs","timestamp":1772953087051,"data":{"hypothesisId":"C","status":0,"gpu_count":1}}
{"sessionId":"38cfcc","location":"collector.rs:855","message":"NvAPI_GPU_GetThermalSettings","timestamp":1772953087051,"data":{"hypothesisId":"D","gpu_idx":0,"status":0,"sensors":[{"target":1,"currentTemp":51},{"target":0,"currentTemp":0},{"target":0,"currentTemp":0}]}}
{"sessionId":"38cfcc","location":"collector.rs:890","message":"refresh_all nvidia temp push","timestamp":1772953087052,"data":{"hypothesisId":"E","query_result":51.0,"pushed":51.0}}
{"sessionId":"38cfcc","location":"collector.rs:830","message":"NvAPI_EnumPhysicalGPUs","timestamp":1772953088520,"data":{"hypothesisId":"C","status":0,"gpu_count":1}}
{"sessionId":"38cfcc","location":"collector.rs:855","message":"NvAPI_GPU_GetThermalSettings","timestamp":1772953088522,"data":{"hypothesisId":"D","gpu_idx":0,"status":0,"sensors":[{"target":1,"currentTemp":51},{"target":0,"currentTemp":0},{"target":0,"currentTemp":0}]}}
{"sessionId":"38cfcc","location":"collector.rs:890","message":"refresh_all nvidia temp push","timestamp":1772953088523,"data":{"hypothesisId":"E","query_result":51.0,"pushed":51.0}}
{"sessionId":"38cfcc","location":"collector.rs:830","message":"NvAPI_EnumPhysicalGPUs","timestamp":1772953090035,"data":{"hypothesisId":"C","status":0,"gpu_count":1}}
{"sessionId":"38cfcc","location":"collector.rs:855","message":"NvAPI_GPU_GetThermalSettings","timestamp":1772953090035,"data":{"hypothesisId":"D","gpu_idx":0,"status":0,"sensors":[{"target":1,"currentTemp":51},{"target":0,"currentTemp":0},{"target":0,"currentTemp":0}]}}
{"sessionId":"38cfcc","location":"collector.rs:890","message":"refresh_all nvidia temp push","timestamp":1772953090036,"data":{"hypothesisId":"E","query_result":51.0,"pushed":51.0}}
{"sessionId":"38cfcc","location":"collector.rs:830","message":"NvAPI_EnumPhysicalGPUs","timestamp":1772953091483,"data":{"hypothesisId":"C","status":0,"gpu_count":1}}
{"sessionId":"38cfcc","location":"collector.rs:855","message":"NvAPI_GPU_GetThermalSettings","timestamp":1772953091484,"data":{"hypothesisId":"D","gpu_idx":0,"status":0,"sensors":[{"target":1,"currentTemp":51},{"target":0,"currentTemp":0},{"target":0,"currentTemp":0}]}}
{"sessionId":"38cfcc","location":"collector.rs:890","message":"refresh_all nvidia temp push","timestamp":1772953091484,"data":{"hypothesisId":"E","query_result":51.0,"pushed":51.0}}
{"sessionId":"38cfcc","location":"collector.rs:830","message":"NvAPI_EnumPhysicalGPUs","timestamp":1772953092911,"data":{"hypothesisId":"C","status":0,"gpu_count":1}}
{"sessionId":"38cfcc","location":"collector.rs:855","message":"NvAPI_GPU_GetThermalSettings","timestamp":1772953092911,"data":{"hypothesisId":"D","gpu_idx":0,"status":0,"sensors":[{"target":1,"currentTemp":51},{"target":0,"currentTemp":0},{"target":0,"currentTemp":0}]}}
{"sessionId":"38cfcc","location":"collector.rs:890","message":"refresh_all nvidia temp push","timestamp":1772953092912,"data":{"hypothesisId":"E","query_result":51.0,"pushed":51.0}}
{"sessionId":"38cfcc","location":"collector.rs:830","message":"NvAPI_EnumPhysicalGPUs","timestamp":1772953094346,"data":{"hypothesisId":"C","status":0,"gpu_count":1}}
{"sessionId":"38cfcc","location":"collector.rs:855","message":"NvAPI_GPU_GetThermalSettings","timestamp":1772953094346,"data":{"hypothesisId":"D","gpu_idx":0,"status":0,"sensors":[{"target":1,"currentTemp":51},{"target":0,"currentTemp":0},{"target":0,"currentTemp":0}]}}
{"sessionId":"38cfcc","location":"collector.rs:890","message":"refresh_all nvidia temp push","timestamp":1772953094347,"data":{"hypothesisId":"E","query_result":51.0,"pushed":51.0}}
{"sessionId":"38cfcc","location":"collector.rs:830","message":"NvAPI_EnumPhysicalGPUs","timestamp":1772953095824,"data":{"hypothesisId":"C","status":0,"gpu_count":1}}
{"sessionId":"38cfcc","location":"collector.rs:855","message":"NvAPI_GPU_GetThermalSettings","timestamp":1772953095825,"data":{"hypothesisId":"D","gpu_idx":0,"status":0,"sensors":[{"target":1,"currentTemp":51},{"target":0,"currentTemp":0},{"target":0,"currentTemp":0}]}}
{"sessionId":"38cfcc","location":"collector.rs:890","message":"refresh_all nvidia temp push","timestamp":1772953095825,"data":{"hypothesisId":"E","query_result":51.0,"pushed":51.0}}
{"sessionId":"38cfcc","location":"collector.rs:830","message":"NvAPI_EnumPhysicalGPUs","timestamp":1772953097309,"data":{"hypothesisId":"C","status":0,"gpu_count":1}}
{"sessionId":"38cfcc","location":"collector.rs:855","message":"NvAPI_GPU_GetThermalSettings","timestamp":1772953097321,"data":{"hypothesisId":"D","gpu_idx":0,"status":0,"sensors":[{"target":1,"currentTemp":51},{"target":0,"currentTemp":0},{"target":0,"currentTemp":0}]}}
{"sessionId":"38cfcc","location":"collector.rs:890","message":"refresh_all nvidia temp push","timestamp":1772953097321,"data":{"hypothesisId":"E","query_result":51.0,"pushed":51.0}}
{"sessionId":"38cfcc","location":"collector.rs:830","message":"NvAPI_EnumPhysicalGPUs","timestamp":1772953098800,"data":{"hypothesisId":"C","status":0,"gpu_count":1}}
{"sessionId":"38cfcc","location":"collector.rs:855","message":"NvAPI_GPU_GetThermalSettings","timestamp":1772953098801,"data":{"hypothesisId":"D","gpu_idx":0,"status":0,"sensors":[{"target":1,"currentTemp":51},{"target":0,"currentTemp":0},{"target":0,"currentTemp":0}]}}
{"sessionId":"38cfcc","location":"collector.rs:890","message":"refresh_all nvidia temp push","timestamp":1772953098801,"data":{"hypothesisId":"E","query_result":51.0,"pushed":51.0}}
{"sessionId":"38cfcc","location":"collector.rs:830","message":"NvAPI_EnumPhysicalGPUs","timestamp":1772953100302,"data":{"hypothesisId":"C","status":0,"gpu_count":1}}
{"sessionId":"38cfcc","location":"collector.rs:855","message":"NvAPI_GPU_GetThermalSettings","timestamp":1772953100302,"data":{"hypothesisId":"D","gpu_idx":0,"status":0,"sensors":[{"target":1,"currentTemp":51},{"target":0,"currentTemp":0},{"target":0,"currentTemp":0}]}}
{"sessionId":"38cfcc","location":"collector.rs:890","message":"refresh_all nvidia temp push","timestamp":1772953100302,"data":{"hypothesisId":"E","query_result":51.0,"pushed":51.0}}
{"sessionId":"38cfcc","location":"collector.rs:830","message":"NvAPI_EnumPhysicalGPUs","timestamp":1772953101801,"data":{"hypothesisId":"C","status":0,"gpu_count":1}}
{"sessionId":"38cfcc","location":"collector.rs:855","message":"NvAPI_GPU_GetThermalSettings","timestamp":1772953101801,"data":{"hypothesisId":"D","gpu_idx":0,"status":0,"sensors":[{"target":1,"currentTemp":51},{"target":0,"currentTemp":0},{"target":0,"currentTemp":0}]}}
{"sessionId":"38cfcc","location":"collector.rs:890","message":"refresh_all nvidia temp push","timestamp":1772953101802,"data":{"hypothesisId":"E","query_result":51.0,"pushed":51.0}}
{"sessionId":"38cfcc","location":"collector.rs:830","message":"NvAPI_EnumPhysicalGPUs","timestamp":1772953103295,"data":{"hypothesisId":"C","status":0,"gpu_count":1}}
{"sessionId":"38cfcc","location":"collector.rs:855","message":"NvAPI_GPU_GetThermalSettings","timestamp":1772953103295,"data":{"hypothesisId":"D","gpu_idx":0,"status":0,"sensors":[{"target":1,"currentTemp":50},{"target":0,"currentTemp":0},{"target":0,"currentTemp":0}]}}
{"sessionId":"38cfcc","location":"collector.rs:890","message":"refresh_all nvidia temp push","timestamp":1772953103295,"data":{"hypothesisId":"E","query_result":50.0,"pushed":50.0}}
{"sessionId":"38cfcc","location":"collector.rs:830","message":"NvAPI_EnumPhysicalGPUs","timestamp":1772953104805,"data":{"hypothesisId":"C","status":0,"gpu_count":1}}
{"sessionId":"38cfcc","location":"collector.rs:855","message":"NvAPI_GPU_GetThermalSettings","timestamp":1772953104805,"data":{"hypothesisId":"D","gpu_idx":0,"status":0,"sensors":[{"target":1,"currentTemp":50},{"target":0,"currentTemp":0},{"target":0,"currentTemp":0}]}}
{"sessionId":"38cfcc","location":"collector.rs:890","message":"refresh_all nvidia temp push","timestamp":1772953104805,"data":{"hypothesisId":"E","query_result":50.0,"pushed":50.0}}
{"sessionId":"38cfcc","location":"collector.rs:830","message":"NvAPI_EnumPhysicalGPUs","timestamp":1772953106309,"data":{"hypothesisId":"C","status":0,"gpu_count":1}}
{"sessionId":"38cfcc","location":"collector.rs:855","message":"NvAPI_GPU_GetThermalSettings","timestamp":1772953106310,"data":{"hypothesisId":"D","gpu_idx":0,"status":0,"sensors":[{"target":1,"currentTemp":50},{"target":0,"currentTemp":0},{"target":0,"currentTemp":0}]}}
{"sessionId":"38cfcc","location":"collector.rs:890","message":"refresh_all nvidia temp push","timestamp":1772953106310,"data":{"hypothesisId":"E","query_result":50.0,"pushed":50.0}}
{"sessionId":"38cfcc","location":"collector.rs:830","message":"NvAPI_EnumPhysicalGPUs","timestamp":1772953107750,"data":{"hypothesisId":"C","status":0,"gpu_count":1}}
{"sessionId":"38cfcc","location":"collector.rs:855","message":"NvAPI_GPU_GetThermalSettings","timestamp":1772953107750,"data":{"hypothesisId":"D","gpu_idx":0,"status":0,"sensors":[{"target":1,"currentTemp":50},{"target":0,"currentTemp":0},{"target":0,"currentTemp":0}]}}
{"sessionId":"38cfcc","location":"collector.rs:890","message":"refresh_all nvidia temp push","timestamp":1772953107751,"data":{"hypothesisId":"E","query_result":50.0,"pushed":50.0}}
{"sessionId":"38cfcc","location":"collector.rs:830","message":"NvAPI_EnumPhysicalGPUs","timestamp":1772953109178,"data":{"hypothesisId":"C","status":0,"gpu_count":1}}
{"sessionId":"38cfcc","location":"collector.rs:855","message":"NvAPI_GPU_GetThermalSettings","timestamp":1772953109179,"data":{"hypothesisId":"D","gpu_idx":0,"status":0,"sensors":[{"target":1,"currentTemp":50},{"target":0,"currentTemp":0},{"target":0,"currentTemp":0}]}}
{"sessionId":"38cfcc","location":"collector.rs:890","message":"refresh_all nvidia temp push","timestamp":1772953109179,"data":{"hypothesisId":"E","query_result":50.0,"pushed":50.0}}
{"sessionId":"38cfcc","location":"collector.rs:830","message":"NvAPI_EnumPhysicalGPUs","timestamp":1772953110606,"data":{"hypothesisId":"C","status":0,"gpu_count":1}}
{"sessionId":"38cfcc","location":"collector.rs:855","message":"NvAPI_GPU_GetThermalSettings","timestamp":1772953110606,"data":{"hypothesisId":"D","gpu_idx":0,"status":0,"sensors":[{"target":1,"currentTemp":50},{"target":0,"currentTemp":0},{"target":0,"currentTemp":0}]}}
{"sessionId":"38cfcc","location":"collector.rs:890","message":"refresh_all nvidia temp push","timestamp":1772953110606,"data":{"hypothesisId":"E","query_result":50.0,"pushed":50.0}}
{"sessionId":"38cfcc","location":"collector.rs:830","message":"NvAPI_EnumPhysicalGPUs","timestamp":1772953112060,"data":{"hypothesisId":"C","status":0,"gpu_count":1}}
{"sessionId":"38cfcc","location":"collector.rs:855","message":"NvAPI_GPU_GetThermalSettings","timestamp":1772953112061,"data":{"hypothesisId":"D","gpu_idx":0,"status":0,"sensors":[{"target":1,"currentTemp":50},{"target":0,"currentTemp":0},{"target":0,"currentTemp":0}]}}
{"sessionId":"38cfcc","location":"collector.rs:890","message":"refresh_all nvidia temp push","timestamp":1772953112061,"data":{"hypothesisId":"E","query_result":50.0,"pushed":50.0}}
{"sessionId":"38cfcc","location":"collector.rs:830","message":"NvAPI_EnumPhysicalGPUs","timestamp":1772953113526,"data":{"hypothesisId":"C","status":0,"gpu_count":1}}
{"sessionId":"38cfcc","location":"collector.rs:855","message":"NvAPI_GPU_GetThermalSettings","timestamp":1772953113526,"data":{"hypothesisId":"D","gpu_idx":0,"status":0,"sensors":[{"target":1,"currentTemp":50},{"target":0,"currentTemp":0},{"target":0,"currentTemp":0}]}}
{"sessionId":"38cfcc","location":"collector.rs:890","message":"refresh_all nvidia temp push","timestamp":1772953113526,"data":{"hypothesisId":"E","query_result":50.0,"pushed":50.0}}
{"sessionId":"38cfcc","location":"collector.rs:830","message":"NvAPI_EnumPhysicalGPUs","timestamp":1772953114984,"data":{"hypothesisId":"C","status":0,"gpu_count":1}}
{"sessionId":"38cfcc","location":"collector.rs:855","message":"NvAPI_GPU_GetThermalSettings","timestamp":1772953114984,"data":{"hypothesisId":"D","gpu_idx":0,"status":0,"sensors":[{"target":1,"currentTemp":51},{"target":0,"currentTemp":0},{"target":0,"currentTemp":0}]}}
{"sessionId":"38cfcc","location":"collector.rs:890","message":"refresh_all nvidia temp push","timestamp":1772953114984,"data":{"hypothesisId":"E","query_result":51.0,"pushed":51.0}}
{"sessionId":"38cfcc","location":"collector.rs:830","message":"NvAPI_EnumPhysicalGPUs","timestamp":1772953116452,"data":{"hypothesisId":"C","status":0,"gpu_count":1}}
{"sessionId":"38cfcc","location":"collector.rs:855","message":"NvAPI_GPU_GetThermalSettings","timestamp":1772953116452,"data":{"hypothesisId":"D","gpu_idx":0,"status":0,"sensors":[{"target":1,"currentTemp":50},{"target":0,"currentTemp":0},{"target":0,"currentTemp":0}]}}
{"sessionId":"38cfcc","location":"collector.rs:890","message":"refresh_all nvidia temp push","timestamp":1772953116453,"data":{"hypothesisId":"E","query_result":50.0,"pushed":50.0}}
{"sessionId":"38cfcc","location":"collector.rs:830","message":"NvAPI_EnumPhysicalGPUs","timestamp":1772953117951,"data":{"hypothesisId":"C","status":0,"gpu_count":1}}
{"sessionId":"38cfcc","location":"collector.rs:855","message":"NvAPI_GPU_GetThermalSettings","timestamp":1772953117951,"data":{"hypothesisId":"D","gpu_idx":0,"status":0,"sensors":[{"target":1,"currentTemp":51},{"target":0,"currentTemp":0},{"target":0,"currentTemp":0}]}}
{"sessionId":"38cfcc","location":"collector.rs:890","message":"refresh_all nvidia temp push","timestamp":1772953117952,"data":{"hypothesisId":"E","query_result":51.0,"pushed":51.0}}
{"sessionId":"38cfcc","location":"collector.rs:830","message":"NvAPI_EnumPhysicalGPUs","timestamp":1772953119408,"data":{"hypothesisId":"C","status":0,"gpu_count":1}}
{"sessionId":"38cfcc","location":"collector.rs:855","message":"NvAPI_GPU_GetThermalSettings","timestamp":1772953119409,"data":{"hypothesisId":"D","gpu_idx":0,"status":0,"sensors":[{"target":1,"currentTemp":51},{"target":0,"currentTemp":0},{"target":0,"currentTemp":0}]}}
{"sessionId":"38cfcc","location":"collector.rs:890","message":"refresh_all nvidia temp push","timestamp":1772953119409,"data":{"hypothesisId":"E","query_result":51.0,"pushed":51.0}}
{"sessionId":"38cfcc","location":"collector.rs:830","message":"NvAPI_EnumPhysicalGPUs","timestamp":1772953120878,"data":{"hypothesisId":"C","status":0,"gpu_count":1}}
{"sessionId":"38cfcc","location":"collector.rs:855","message":"NvAPI_GPU_GetThermalSettings","timestamp":1772953120879,"data":{"hypothesisId":"D","gpu_idx":0,"status":0,"sensors":[{"target":1,"currentTemp":51},{"target":0,"currentTemp":0},{"target":0,"currentTemp":0}]}}
{"sessionId":"38cfcc","location":"collector.rs:890","message":"refresh_all nvidia temp push","timestamp":1772953120879,"data":{"hypothesisId":"E","query_result":51.0,"pushed":51.0}}
{"sessionId":"38cfcc","location":"collector.rs:830","message":"NvAPI_EnumPhysicalGPUs","timestamp":1772953122359,"data":{"hypothesisId":"C","status":0,"gpu_count":1}}
{"sessionId":"38cfcc","location":"collector.rs:855","message":"NvAPI_GPU_GetThermalSettings","timestamp":1772953122359,"data":{"hypothesisId":"D","gpu_idx":0,"status":0,"sensors":[{"target":1,"currentTemp":51},{"target":0,"currentTemp":0},{"target":0,"currentTemp":0}]}}
{"sessionId":"38cfcc","location":"collector.rs:890","message":"refresh_all nvidia temp push","timestamp":1772953122360,"data":{"hypothesisId":"E","query_result":51.0,"pushed":51.0}}
{"sessionId":"38cfcc","location":"collector.rs:830","message":"NvAPI_EnumPhysicalGPUs","timestamp":1772953123858,"data":{"hypothesisId":"C","status":0,"gpu_count":1}}
{"sessionId":"38cfcc","location":"collector.rs:855","message":"NvAPI_GPU_GetThermalSettings","timestamp":1772953123859,"data":{"hypothesisId":"D","gpu_idx":0,"status":0,"sensors":[{"target":1,"currentTemp":53},{"target":0,"currentTemp":0},{"target":0,"currentTemp":0}]}}
{"sessionId":"38cfcc","location":"collector.rs:890","message":"refresh_all nvidia temp push","timestamp":1772953123859,"data":{"hypothesisId":"E","query_result":53.0,"pushed":53.0}}
{"sessionId":"38cfcc","location":"collector.rs:830","message":"NvAPI_EnumPhysicalGPUs","timestamp":1772953125365,"data":{"hypothesisId":"C","status":0,"gpu_count":1}}
{"sessionId":"38cfcc","location":"collector.rs:855","message":"NvAPI_GPU_GetThermalSettings","timestamp":1772953125365,"data":{"hypothesisId":"D","gpu_idx":0,"status":0,"sensors":[{"target":1,"currentTemp":53},{"target":0,"currentTemp":0},{"target":0,"currentTemp":0}]}}
{"sessionId":"38cfcc","location":"collector.rs:890","message":"refresh_all nvidia temp push","timestamp":1772953125366,"data":{"hypothesisId":"E","query_result":53.0,"pushed":53.0}}
{"sessionId":"38cfcc","location":"collector.rs:830","message":"NvAPI_EnumPhysicalGPUs","timestamp":1772953126864,"data":{"hypothesisId":"C","status":0,"gpu_count":1}}
{"sessionId":"38cfcc","location":"collector.rs:855","message":"NvAPI_GPU_GetThermalSettings","timestamp":1772953126864,"data":{"hypothesisId":"D","gpu_idx":0,"status":0,"sensors":[{"target":1,"currentTemp":54},{"target":0,"currentTemp":0},{"target":0,"currentTemp":0}]}}
{"sessionId":"38cfcc","location":"collector.rs:890","message":"refresh_all nvidia temp push","timestamp":1772953126865,"data":{"hypothesisId":"E","query_result":54.0,"pushed":54.0}}
{"sessionId":"38cfcc","location":"collector.rs:830","message":"NvAPI_EnumPhysicalGPUs","timestamp":1772953128327,"data":{"hypothesisId":"C","status":0,"gpu_count":1}}
{"sessionId":"38cfcc","location":"collector.rs:855","message":"NvAPI_GPU_GetThermalSettings","timestamp":1772953128327,"data":{"hypothesisId":"D","gpu_idx":0,"status":0,"sensors":[{"target":1,"currentTemp":53},{"target":0,"currentTemp":0},{"target":0,"currentTemp":0}]}}
{"sessionId":"38cfcc","location":"collector.rs:890","message":"refresh_all nvidia temp push","timestamp":1772953128327,"data":{"hypothesisId":"E","query_result":53.0,"pushed":53.0}}
{"sessionId":"38cfcc","location":"collector.rs:830","message":"NvAPI_EnumPhysicalGPUs","timestamp":1772953129773,"data":{"hypothesisId":"C","status":0,"gpu_count":1}}
{"sessionId":"38cfcc","location":"collector.rs:855","message":"NvAPI_GPU_GetThermalSettings","timestamp":1772953129774,"data":{"hypothesisId":"D","gpu_idx":0,"status":0,"sensors":[{"target":1,"currentTemp":53},{"target":0,"currentTemp":0},{"target":0,"currentTemp":0}]}}
{"sessionId":"38cfcc","location":"collector.rs:890","message":"refresh_all nvidia temp push","timestamp":1772953129774,"data":{"hypothesisId":"E","query_result":53.0,"pushed":53.0}}
